<?xml version="1.0" encoding="UTF-8"?>
<testsuites name="AddNewAdmin" time="81" tests="2" failures="2" errors="0">
   <testsuite name="AddNewAdmin" tests="2" failures="2" errors="0" time="81" timestamp="2018-10-27 19:21:47" hostname="Renu - Renu-PC" id="Test Suites/AddNewAdmin">
      <properties>
         <property name="deviceName" value=""/>
         <property name="devicePlatform" value=""/>
         <property name="logFolder" value="D:\\Katalon_Works\\Katalon_Assignment_2\\Renu_Katalon_Assignment_2\\Reports\\AddNewAdmin\\20181027_192145"/>
         <property name="logFiles" value="D:\\Katalon_Works\\Katalon_Assignment_2\\Renu_Katalon_Assignment_2\\Reports\\AddNewAdmin\\20181027_192145\\execution0.log"/>
         <property name="attachments" value="D:\\Katalon_Works\\Katalon_Assignment_2\\Renu_Katalon_Assignment_2\\Reports\\AddNewAdmin\\20181027_192145\\1540648388585.png, D:\\Katalon_Works\\Katalon_Assignment_2\\Renu_Katalon_Assignment_2\\Reports\\AddNewAdmin\\20181027_192145\\1540648388666.png, D:\\Katalon_Works\\Katalon_Assignment_2\\Renu_Katalon_Assignment_2\\Reports\\AddNewAdmin\\20181027_192145\\1540648389030.png"/>
         <property name="hostName" value="Renu - Renu-PC"/>
         <property name="os" value="Windows 7 64bit"/>
         <property name="katalonVersion" value="5.4.1.1"/>
         <property name="browser" value="Firefox 62.0"/>
         <property name="dbServerInfo" value="MySQL 5.6.20"/>
         <property name="hostAddress" value="192.168.1.75"/>
         <property name="sessionId" value="f8d30743-20da-4cf8-b7f7-50319319b44c"/>
         <property name="seleniumVersion" value="3.7.1"/>
         <property name="proxyInformation" value="ProxyInformation{proxyOption=NO_PROXY, proxyServerType=HTTP, password=, proxyServerAddress=, proxyServerPort=0}"/>
         <property name="platform" value="Windows 7"/>
      </properties>
      <testcase name="Test Cases/Common/NavigateToUrl" classname="Test Cases/Common/NavigateToUrl" status="PASSED">
         <system-out><![CDATA[2018-10-27 19:21:48 - [TEST_CASE][PASSED] - Test Cases/Common/NavigateToUrl: Test Cases/Common/NavigateToUrl

2018-10-27 19:21:49 - [TEST_STEP][PASSED] - openBrowser: Browser is opened with url: ''

2018-10-27 19:21:57 - [MESSAGE][PASSED] - Browser is opened with url: ''

2018-10-27 19:21:57 - [TEST_STEP][PASSED] - openBrowser: Browser is opened with url: ''

2018-10-27 19:21:57 - [MESSAGE][WARNING] - A browser is already opened. Closing browser and opening a new one

2018-10-27 19:22:03 - [MESSAGE][PASSED] - Browser is opened with url: ''

2018-10-27 19:22:03 - [TEST_STEP][PASSED] - navigateToUrl: Navigate to 'https://www.phptravels.net/admin' successfully

2018-10-27 19:22:08 - [MESSAGE][PASSED] - Navigate to 'https://www.phptravels.net/admin' successfully]]></system-out>
         <system-err><![CDATA[]]></system-err>
      </testcase>
      <testcase name="Test Cases/Common/Login" classname="Test Cases/Common/Login" status="PASSED">
         <system-out><![CDATA[2018-10-27 19:22:08 - [TEST_CASE][PASSED] - Test Cases/Common/Login: Test Cases/Common/Login

2018-10-27 19:22:08 - [TEST_STEP][PASSED] - phpTravels.Common.Login: phpTravels.Common.Login is PASSED

2018-10-27 19:22:09 - [MESSAGE][PASSED] - Text 'admin@phptravels.com' is set on object 'Object Repository/common/login/input_email'

2018-10-27 19:22:09 - [MESSAGE][PASSED] - Text 'demoadmin' is set on object 'Object Repository/common/login/input_password'

2018-10-27 19:22:09 - [MESSAGE][PASSED] - Object: 'Object Repository/common/login/button_Login' is clicked on

2018-10-27 19:22:09 - [MESSAGE][PASSED] - phpTravels.Common.Login is PASSED]]></system-out>
         <system-err><![CDATA[]]></system-err>
      </testcase>
      <testcase name="Test Cases/User/AddAdmin" classname="Test Cases/User/AddAdmin" status="FAILED">
         <failure type="FAILED" message="Unable to verify object 'Object Repository/user/admin/fields/created_Admin' is present (Root cause: com.kms.katalon.core.webui.exception.WebElementNotFoundException: Web element with id: 'Object Repository/user/admin/fields/created_Admin' located by 'By.xpath: .//tbody//*[contains(text(),'tr@test.com')]' not found)"/>
         <system-out><![CDATA[2018-10-27 19:22:09 - [TEST_CASE][FAILED] - Test Cases/User/AddAdmin: Test Cases/User/AddAdmin FAILED because (of) Unable to verify object 'Object Repository/user/admin/fields/created_Admin' is present (Root cause: com.kms.katalon.core.webui.exception.WebElementNotFoundException: Web element with id: 'Object Repository/user/admin/fields/created_Admin' located by 'By.xpath: .//tbody//*[contains(text(),'tr@test.com')]' not found)

2018-10-27 19:22:10 - [TEST_STEP][PASSED] - phpTravels.Admin.NavigateToAdminPage: phpTravels.Admin.NavigateToAdminPage is PASSED

2018-10-27 19:22:16 - [MESSAGE][PASSED] - Object: 'Object Repository/user/admin/dashboard/a_Account' is clicked on

2018-10-27 19:22:19 - [MESSAGE][PASSED] - Object: 'Object Repository/user/admin/dashboard/a_Admin' is clicked on

2018-10-27 19:22:22 - [MESSAGE][PASSED] - Object: 'Object Repository/user/admin/action/button_Add' is clicked on

2018-10-27 19:22:22 - [MESSAGE][PASSED] - phpTravels.Admin.NavigateToAdminPage is PASSED

2018-10-27 19:22:22 - [TEST_STEP][PASSED] - phpTravels.Admin.SetAdminDetails: phpTravels.Admin.SetAdminDetails is PASSED

2018-10-27 19:22:24 - [MESSAGE][PASSED] - Text 'Renu' is set on object 'Object Repository/user/admin/fields/input_first_name'

2018-10-27 19:22:24 - [MESSAGE][PASSED] - Text 'Rahul' is set on object 'Object Repository/user/admin/fields/input_last_name'

2018-10-27 19:22:25 - [MESSAGE][PASSED] - Text 'tr@test.com' is set on object 'Object Repository/user/admin/fields/input_email_address'

2018-10-27 19:22:25 - [MESSAGE][PASSED] - Text 'inapp2.0' is set on object 'Object Repository/user/admin/fields/input_password'

2018-10-27 19:22:25 - [MESSAGE][PASSED] - Text '8891767706' is set on object 'Object Repository/user/admin/fields/input_mobile_number'

2018-10-27 19:22:26 - [MESSAGE][PASSED] - Object: 'Object Repository/user/admin/fields/autocomplete_country_control' is clicked on

2018-10-27 19:22:26 - [MESSAGE][PASSED] - Object: 'Object Repository/user/admin/fields/autocomplete_country_search' is clicked on

2018-10-27 19:22:27 - [MESSAGE][PASSED] - Text 'India' is set on object 'Object Repository/user/admin/fields/autocomplete_country_search'

2018-10-27 19:22:27 - [MESSAGE][PASSED] - Object: 'Object Repository/user/admin/fields/autocomplete_country_select' is clicked on

2018-10-27 19:22:28 - [MESSAGE][PASSED] - Text 'Thannikattethu' is set on object 'Object Repository/user/admin/fields/input_address_line1'

2018-10-27 19:22:28 - [MESSAGE][PASSED] - Text 'Kadapra-Mannar' is set on object 'Object Repository/user/admin/fields/input_address_line2'

2018-10-27 19:22:28 - [MESSAGE][PASSED] - All options with index in [0] are selected on object 'Object Repository/user/admin/fields/select_status'

2018-10-27 19:22:28 - [MESSAGE][PASSED] - phpTravels.Admin.SetAdminDetails is PASSED

2018-10-27 19:22:28 - [TEST_STEP][PASSED] - phpTravels.Admin.ManageAccessDetails: phpTravels.Admin.ManageAccessDetails is PASSED

2018-10-27 19:22:28 - [MESSAGE][PASSED] - Object 'Object Repository/user/admin/fields/checkbox_all_add' is checked

2018-10-27 19:22:29 - [MESSAGE][PASSED] - Object 'Object Repository/user/admin/fields/checkbox_all_edit' is checked

2018-10-27 19:22:29 - [MESSAGE][PASSED] - Object 'Object Repository/user/admin/fields/checkbox_all_delete' is checked

2018-10-27 19:22:29 - [MESSAGE][PASSED] - Object 'Object Repository/user/admin/fields/checkbox_all_add' is checked

2018-10-27 19:22:29 - [MESSAGE][PASSED] - Object 'Object Repository/user/admin/fields/checkbox_all_edit' is checked

2018-10-27 19:22:30 - [MESSAGE][PASSED] - Object 'Object Repository/user/admin/fields/checkbox_all_delete' is checked

2018-10-27 19:22:30 - [MESSAGE][PASSED] - Object 'Object Repository/user/admin/fields/checkbox_all_add' is checked

2018-10-27 19:22:30 - [MESSAGE][PASSED] - Object 'Object Repository/user/admin/fields/checkbox_all_edit' is checked

2018-10-27 19:22:31 - [MESSAGE][PASSED] - Object 'Object Repository/user/admin/fields/checkbox_all_delete' is checked

2018-10-27 19:22:31 - [MESSAGE][PASSED] - Object 'Object Repository/user/admin/fields/checkbox_all_add' is checked

2018-10-27 19:22:31 - [MESSAGE][PASSED] - Object 'Object Repository/user/admin/fields/checkbox_all_edit' is checked

2018-10-27 19:22:32 - [MESSAGE][PASSED] - Object 'Object Repository/user/admin/fields/checkbox_all_delete' is checked

2018-10-27 19:22:32 - [MESSAGE][PASSED] - Object 'Object Repository/user/admin/fields/checkbox_all_add' is checked

2018-10-27 19:22:32 - [MESSAGE][PASSED] - Object 'Object Repository/user/admin/fields/checkbox_all_edit' is checked

2018-10-27 19:22:33 - [MESSAGE][PASSED] - Object 'Object Repository/user/admin/fields/checkbox_all_delete' is checked

2018-10-27 19:22:33 - [MESSAGE][PASSED] - phpTravels.Admin.ManageAccessDetails is PASSED

2018-10-27 19:22:33 - [TEST_STEP][FAILED] - phpTravels.Admin.SaveDetails: Unable to verify object 'Object Repository/user/admin/fields/created_Admin' is present (Root cause: com.kms.katalon.core.webui.exception.WebElementNotFoundException: Web element with id: 'Object Repository/user/admin/fields/created_Admin' located by 'By.xpath: .//tbody//*[contains(text(),'tr@test.com')]' not found)

2018-10-27 19:22:37 - [MESSAGE][PASSED] - Object: 'Object Repository/user/admin/action/button_Submit' is clicked on

2018-10-27 19:22:37 - [MESSAGE][PASSED] - Wait for page load successfully

2018-10-27 19:23:08 - [MESSAGE][FAILED] - com.kms.katalon.core.webui.exception.WebElementNotFoundException: Web element with id: 'Object Repository/user/admin/fields/created_Admin' located by 'By.xpath: .//tbody//*[contains(text(),'tr@test.com')]' not found
[[ATTACHMENT|D:\\Katalon_Works\\Katalon_Assignment_2\\Renu_Katalon_Assignment_2\\Reports\\AddNewAdmin\\20181027_192145\\1540648388585.png]]

2018-10-27 19:23:08 - [MESSAGE][FAILED] - Unable to verify object 'Object Repository/user/admin/fields/created_Admin' is present (Root cause: com.kms.katalon.core.webui.exception.WebElementNotFoundException: Web element with id: 'Object Repository/user/admin/fields/created_Admin' located by 'By.xpath: .//tbody//*[contains(text(),'tr@test.com')]' not found)
[[ATTACHMENT|D:\\Katalon_Works\\Katalon_Assignment_2\\Renu_Katalon_Assignment_2\\Reports\\AddNewAdmin\\20181027_192145\\1540648388666.png]]

2018-10-27 19:23:08 - [MESSAGE][FAILED] - Unable to verify object 'Object Repository/user/admin/fields/created_Admin' is present (Root cause: com.kms.katalon.core.webui.exception.WebElementNotFoundException: Web element with id: 'Object Repository/user/admin/fields/created_Admin' located by 'By.xpath: .//tbody//*[contains(text(),'tr@test.com')]' not found)]]></system-out>
         <system-err><![CDATA[2018-10-27 19:22:09 - [TEST_CASE][FAILED] - Test Cases/User/AddAdmin: Test Cases/User/AddAdmin FAILED because (of) Unable to verify object 'Object Repository/user/admin/fields/created_Admin' is present (Root cause: com.kms.katalon.core.webui.exception.WebElementNotFoundException: Web element with id: 'Object Repository/user/admin/fields/created_Admin' located by 'By.xpath: .//tbody//*[contains(text(),'tr@test.com')]' not found)]]></system-err>
      </testcase>
      <testcase name="Test Cases/Common/LogOut" classname="Test Cases/Common/LogOut" status="FAILED">
         <failure type="FAILED" message="Unable to click on object (Root cause: java.lang.IllegalArgumentException: Object is null)"/>
         <system-out><![CDATA[2018-10-27 19:23:08 - [TEST_CASE][FAILED] - Test Cases/Common/LogOut: Test Cases/Common/LogOut FAILED because (of) Unable to click on object (Root cause: java.lang.IllegalArgumentException: Object is null)

2018-10-27 19:23:09 - [TEST_STEP][FAILED] - click: Unable to click on object (Root cause: java.lang.IllegalArgumentException: Object is null)

2018-10-27 19:23:09 - [MESSAGE][WARNING] - Test object with id 'Object Repository/common/login/button_Logout' does not exist

2018-10-27 19:23:09 - [MESSAGE][WARNING] - Test object with id 'Object Repository/' does not exist

2018-10-27 19:23:09 - [MESSAGE][FAILED] - Unable to click on object (Root cause: java.lang.IllegalArgumentException: Object is null)
[[ATTACHMENT|D:\\Katalon_Works\\Katalon_Assignment_2\\Renu_Katalon_Assignment_2\\Reports\\AddNewAdmin\\20181027_192145\\1540648389030.png]]]]></system-out>
         <system-err><![CDATA[2018-10-27 19:23:08 - [TEST_CASE][FAILED] - Test Cases/Common/LogOut: Test Cases/Common/LogOut FAILED because (of) Unable to click on object (Root cause: java.lang.IllegalArgumentException: Object is null)]]></system-err>
      </testcase>
      <system-out><![CDATA[2018-10-27 19:21:47 - [TEST_SUITE][FAILED] - AddNewAdmin: Test Cases/User/AddAdmin FAILED because (of) Unable to verify object 'Object Repository/user/admin/fields/created_Admin' is present (Root cause: com.kms.katalon.core.webui.exception.WebElementNotFoundException: Web element with id: 'Object Repository/user/admin/fields/created_Admin' located by 'By.xpath: .//tbody//*[contains(text(),'tr@test.com')]' not found)]]></system-out>
      <system-err><![CDATA[2018-10-27 19:21:47 - [TEST_SUITE][FAILED] - AddNewAdmin: Test Cases/User/AddAdmin FAILED because (of) Unable to verify object 'Object Repository/user/admin/fields/created_Admin' is present (Root cause: com.kms.katalon.core.webui.exception.WebElementNotFoundException: Web element with id: 'Object Repository/user/admin/fields/created_Admin' located by 'By.xpath: .//tbody//*[contains(text(),'tr@test.com')]' not found)]]></system-err>
   </testsuite>
</testsuites>
