<?xml version="1.0" encoding="UTF-8"?>
<testsuites name="ManageOperationForNewAdmin" time="76" tests="3" failures="2" errors="0">
   <testsuite name="ManageOperationForNewAdmin" tests="3" failures="2" errors="0" time="76" timestamp="2018-10-28 08:28:28" hostname="Renu - Renu-PC" id="Test Suites/ManageOperationForNewAdmin">
      <properties>
         <property name="deviceName" value=""/>
         <property name="devicePlatform" value=""/>
         <property name="logFolder" value="D:\\Katalon_Works\\Katalon_Assignment_2\\Renu_Katalon_Assignment\\Reports\\ManageOperationForNewAdmin\\20181028_082825"/>
         <property name="logFiles" value="D:\\Katalon_Works\\Katalon_Assignment_2\\Renu_Katalon_Assignment\\Reports\\ManageOperationForNewAdmin\\20181028_082825\\execution0.log"/>
         <property name="attachments" value="D:\\Katalon_Works\\Katalon_Assignment_2\\Renu_Katalon_Assignment\\Reports\\ManageOperationForNewAdmin\\20181028_082825\\1540695583566.png, D:\\Katalon_Works\\Katalon_Assignment_2\\Renu_Katalon_Assignment\\Reports\\ManageOperationForNewAdmin\\20181028_082825\\1540695584032.png"/>
         <property name="hostName" value="Renu - Renu-PC"/>
         <property name="os" value="Windows 7 64bit"/>
         <property name="katalonVersion" value="5.4.1.1"/>
         <property name="browser" value="Firefox 62.0"/>
         <property name="dbServerInfo" value="MySQL 5.6.20"/>
         <property name="hostAddress" value="192.168.1.75"/>
         <property name="sessionId" value="adda7849-0f4f-470c-86c2-33b9883943ae"/>
         <property name="seleniumVersion" value="3.7.1"/>
         <property name="proxyInformation" value="ProxyInformation{proxyOption=NO_PROXY, proxyServerType=HTTP, password=, proxyServerAddress=, proxyServerPort=0}"/>
         <property name="platform" value="Windows 7"/>
      </properties>
      <testcase name="Test Cases/Common/NavigateToUrl" classname="Test Cases/Common/NavigateToUrl" status="PASSED">
         <system-out><![CDATA[2018-10-28 08:28:29 - [TEST_CASE][PASSED] - Test Cases/Common/NavigateToUrl: Test Cases/Common/NavigateToUrl

2018-10-28 08:28:29 - [TEST_STEP][PASSED] - openBrowser: Browser is opened with url: ''

2018-10-28 08:28:39 - [MESSAGE][PASSED] - Browser is opened with url: ''

2018-10-28 08:28:39 - [TEST_STEP][PASSED] - openBrowser: Browser is opened with url: ''

2018-10-28 08:28:39 - [MESSAGE][WARNING] - A browser is already opened. Closing browser and opening a new one

2018-10-28 08:28:46 - [MESSAGE][PASSED] - Browser is opened with url: ''

2018-10-28 08:28:46 - [TEST_STEP][PASSED] - navigateToUrl: Navigate to 'https://www.phptravels.net/admin' successfully

2018-10-28 08:28:49 - [MESSAGE][PASSED] - Navigate to 'https://www.phptravels.net/admin' successfully]]></system-out>
         <system-err><![CDATA[]]></system-err>
      </testcase>
      <testcase name="Test Cases/Common/LoginFromDatabase" classname="Test Cases/Common/LoginFromDatabase" status="PASSED">
         <system-out><![CDATA[2018-10-28 08:28:49 - [TEST_CASE][PASSED] - Test Cases/Common/LoginFromDatabase: Test Cases/Common/LoginFromDatabase

2018-10-28 08:28:49 - [TEST_STEP][PASSED] - Statement - dbdata = com.kms.katalon.core.testdata.TestDataFactory.findTestData(userDetail): Reading database data with query 'SELECT * FROM katalon_renu_16_10_2018.user'

2018-10-28 08:28:50 - [TEST_STEP][PASSED] - Statement - userName = dbdata.getValue(Email.ordinal(), userIndex): null

2018-10-28 08:28:51 - [TEST_STEP][PASSED] - Statement - password = dbdata.getValue(Password.ordinal(), userIndex): null

2018-10-28 08:28:51 - [TEST_STEP][PASSED] - phpTravels.Common.Login: phpTravels.Common.Login is PASSED

2018-10-28 08:28:51 - [MESSAGE][PASSED] - Text 'tr@test.com' is set on object 'Object Repository/common/login/input_email'

2018-10-28 08:28:52 - [MESSAGE][PASSED] - Text 'inapp2.0' is set on object 'Object Repository/common/login/input_password'

2018-10-28 08:28:52 - [MESSAGE][PASSED] - Object: 'Object Repository/common/login/button_Login' is clicked on

2018-10-28 08:28:52 - [MESSAGE][PASSED] - phpTravels.Common.Login is PASSED]]></system-out>
         <system-err><![CDATA[]]></system-err>
      </testcase>
      <testcase name="Test Cases/Tour/BookTour" classname="Test Cases/Tour/BookTour" status="PASSED">
         <system-out><![CDATA[2018-10-28 08:28:52 - [TEST_CASE][PASSED] - Test Cases/Tour/BookTour: Test Cases/Tour/BookTour

2018-10-28 08:28:53 - [TEST_STEP][PASSED] - phpTravels.Tour.NavigateToTourPage: phpTravels.Tour.NavigateToTourPage is PASSED

2018-10-28 08:28:56 - [MESSAGE][PASSED] - Object: 'Object Repository/tour/navigation/a_tour' is clicked on

2018-10-28 08:29:04 - [MESSAGE][PASSED] - Object: 'Object Repository/tour/navigation/a_Add' is clicked on

2018-10-28 08:29:04 - [MESSAGE][PASSED] - phpTravels.Tour.NavigateToTourPage is PASSED

2018-10-28 08:29:04 - [TEST_STEP][PASSED] - phpTravels.Tour.SetTourDetails: phpTravels.Tour.SetTourDetails is PASSED

2018-10-28 08:29:05 - [MESSAGE][PASSED] - All options with value 'Yes' are selected in object 'Object Repository/tour/fields/select_status'  using regular expression

2018-10-28 08:29:05 - [MESSAGE][PASSED] - Text 'Alappuzha Tour' is set on object 'Object Repository/tour/fields/input_name'

2018-10-28 08:29:05 - [MESSAGE][PASSED] - Object: 'Object Repository/tour/fields/iframe_body' is clicked on

2018-10-28 08:29:05 - [MESSAGE][PASSED] - Text 'Vacation Holiday Trip' is set on object 'Object Repository/tour/fields/iframe_body'

2018-10-28 08:29:06 - [MESSAGE][PASSED] - Text '2' is set on object 'Object Repository/tour/fields/input_adult_count'

2018-10-28 08:29:06 - [MESSAGE][PASSED] - Text '750' is set on object 'Object Repository/tour/fields/input_adult_price'

2018-10-28 08:29:07 - [MESSAGE][PASSED] - Object: 'Object Repository/tour/fields/span_enable_child' is clicked on

2018-10-28 08:29:07 - [MESSAGE][PASSED] - Text '1' is set on object 'Object Repository/tour/fields/input_child_count'

2018-10-28 08:29:07 - [MESSAGE][PASSED] - Text '100' is set on object 'Object Repository/tour/fields/input_child_price'

2018-10-28 08:29:07 - [MESSAGE][PASSED] - Wait for page load successfully

2018-10-28 08:29:08 - [MESSAGE][PASSED] - All options with value '3' are selected in object 'Object Repository/tour/fields/select_option'  using regular expression

2018-10-28 08:29:08 - [MESSAGE][PASSED] - Text '2' is set on object 'Object Repository/tour/fields/input_days'

2018-10-28 08:29:09 - [MESSAGE][PASSED] - Text '1' is set on object 'Object Repository/tour/fields/input_nights'

2018-10-28 08:29:09 - [MESSAGE][PASSED] - Object: 'Object Repository/tour/fields/select_type' is clicked on

2018-10-28 08:29:10 - [MESSAGE][PASSED] - Object: 'Object Repository/tour/fields/select_type_option' is clicked on

2018-10-28 08:29:11 - [MESSAGE][PASSED] - All options with value 'yes' are selected in object 'Object Repository/tour/fields/select_featured'  using regular expression

2018-10-28 08:29:11 - [MESSAGE][PASSED] - Object: 'Object Repository/tour/fields/autocomplete_location_selector' is clicked on

2018-10-28 08:29:12 - [MESSAGE][PASSED] - Text 'Thiruvananthapuram' is set on object 'Object Repository/tour/fields/autocomplete_location_control'

2018-10-28 08:29:14 - [MESSAGE][PASSED] - Object: 'Object Repository/tour/fields/autocomplete_location_trigger' is clicked on

2018-10-28 08:29:14 - [MESSAGE][PASSED] - phpTravels.Tour.SetTourDetails is PASSED

2018-10-28 08:29:14 - [TEST_STEP][PASSED] - phpTravels.Tour.SetTourInclusions: phpTravels.Tour.SetTourInclusions is PASSED

2018-10-28 08:29:14 - [MESSAGE][PASSED] - Object: 'Object Repository/tour/fields/a_inclusion' is clicked on

2018-10-28 08:29:14 - [MESSAGE][PASSED] - Wait for page load successfully

2018-10-28 08:29:14 - [MESSAGE][PASSED] - Object: 'Object Repository/tour/fields/checkbox_inclusion' is clicked on

2018-10-28 08:29:15 - [MESSAGE][PASSED] - Object: 'Object Repository/tour/fields/checkbox_inclusion' is clicked on

2018-10-28 08:29:15 - [MESSAGE][PASSED] - Object: 'Object Repository/tour/fields/checkbox_inclusion' is clicked on

2018-10-28 08:29:15 - [MESSAGE][PASSED] - Object: 'Object Repository/tour/fields/checkbox_inclusion' is clicked on

2018-10-28 08:29:16 - [MESSAGE][PASSED] - Object: 'Object Repository/tour/fields/checkbox_inclusion' is clicked on

2018-10-28 08:29:16 - [MESSAGE][PASSED] - Object: 'Object Repository/tour/fields/checkbox_inclusion' is clicked on

2018-10-28 08:29:16 - [MESSAGE][PASSED] - Object: 'Object Repository/tour/fields/checkbox_inclusion' is clicked on

2018-10-28 08:29:17 - [MESSAGE][PASSED] - Object: 'Object Repository/tour/fields/checkbox_inclusion' is clicked on

2018-10-28 08:29:17 - [MESSAGE][PASSED] - Object: 'Object Repository/tour/fields/checkbox_inclusion' is clicked on

2018-10-28 08:29:17 - [MESSAGE][PASSED] - Object: 'Object Repository/tour/fields/checkbox_inclusion' is clicked on

2018-10-28 08:29:17 - [MESSAGE][PASSED] - Object: 'Object Repository/tour/fields/checkbox_inclusion' is clicked on

2018-10-28 08:29:18 - [MESSAGE][PASSED] - Object: 'Object Repository/tour/fields/checkbox_inclusion' is clicked on

2018-10-28 08:29:18 - [MESSAGE][PASSED] - Object: 'Object Repository/tour/fields/checkbox_inclusion' is clicked on

2018-10-28 08:29:18 - [MESSAGE][PASSED] - Object: 'Object Repository/tour/fields/checkbox_inclusion' is clicked on

2018-10-28 08:29:18 - [MESSAGE][PASSED] - Object: 'Object Repository/tour/fields/checkbox_inclusion' is clicked on

2018-10-28 08:29:19 - [MESSAGE][PASSED] - Object: 'Object Repository/tour/fields/checkbox_inclusion' is clicked on

2018-10-28 08:29:19 - [MESSAGE][PASSED] - Object: 'Object Repository/tour/fields/checkbox_inclusion' is clicked on

2018-10-28 08:29:19 - [MESSAGE][PASSED] - Object: 'Object Repository/tour/fields/checkbox_inclusion' is clicked on

2018-10-28 08:29:19 - [MESSAGE][PASSED] - Object: 'Object Repository/tour/fields/checkbox_inclusion' is clicked on

2018-10-28 08:29:20 - [MESSAGE][PASSED] - Object: 'Object Repository/tour/fields/checkbox_inclusion' is clicked on

2018-10-28 08:29:20 - [MESSAGE][PASSED] - Object: 'Object Repository/tour/fields/checkbox_inclusion' is clicked on

2018-10-28 08:29:20 - [MESSAGE][PASSED] - Object: 'Object Repository/tour/fields/checkbox_inclusion' is clicked on

2018-10-28 08:29:20 - [MESSAGE][PASSED] - Object: 'Object Repository/tour/fields/checkbox_inclusion' is clicked on

2018-10-28 08:29:21 - [MESSAGE][PASSED] - Object: 'Object Repository/tour/fields/checkbox_inclusion' is clicked on

2018-10-28 08:29:21 - [MESSAGE][PASSED] - Object: 'Object Repository/tour/fields/checkbox_inclusion' is clicked on

2018-10-28 08:29:21 - [MESSAGE][PASSED] - Object: 'Object Repository/tour/fields/checkbox_inclusion' is clicked on

2018-10-28 08:29:22 - [MESSAGE][PASSED] - Object: 'Object Repository/tour/fields/checkbox_inclusion' is clicked on

2018-10-28 08:29:22 - [MESSAGE][PASSED] - Object: 'Object Repository/tour/fields/checkbox_inclusion' is clicked on

2018-10-28 08:29:22 - [MESSAGE][PASSED] - Object: 'Object Repository/tour/fields/checkbox_inclusion' is clicked on

2018-10-28 08:29:22 - [MESSAGE][PASSED] - Object: 'Object Repository/tour/fields/checkbox_inclusion' is clicked on

2018-10-28 08:29:23 - [MESSAGE][PASSED] - Object: 'Object Repository/tour/fields/checkbox_inclusion' is clicked on

2018-10-28 08:29:23 - [MESSAGE][PASSED] - Object: 'Object Repository/tour/fields/checkbox_inclusion' is clicked on

2018-10-28 08:29:23 - [MESSAGE][PASSED] - Object: 'Object Repository/tour/fields/checkbox_inclusion' is clicked on

2018-10-28 08:29:23 - [MESSAGE][PASSED] - Object: 'Object Repository/tour/fields/checkbox_inclusion' is clicked on

2018-10-28 08:29:24 - [MESSAGE][PASSED] - Object: 'Object Repository/tour/fields/checkbox_inclusion' is clicked on

2018-10-28 08:29:24 - [MESSAGE][PASSED] - Object: 'Object Repository/tour/fields/checkbox_inclusion' is clicked on

2018-10-28 08:29:24 - [MESSAGE][PASSED] - Object: 'Object Repository/tour/fields/checkbox_inclusion' is clicked on

2018-10-28 08:29:24 - [MESSAGE][PASSED] - phpTravels.Tour.SetTourInclusions is PASSED

2018-10-28 08:29:24 - [TEST_STEP][PASSED] - phpTravels.Tour.SetTourExclusions: phpTravels.Tour.SetTourExclusions is PASSED

2018-10-28 08:29:24 - [MESSAGE][PASSED] - Object: 'Object Repository/tour/fields/a_exclusion' is clicked on

2018-10-28 08:29:25 - [MESSAGE][PASSED] - Wait for page load successfully

2018-10-28 08:29:25 - [MESSAGE][PASSED] - Object: 'Object Repository/tour/fields/checkbox_exclusion' is clicked on

2018-10-28 08:29:25 - [MESSAGE][PASSED] - Object: 'Object Repository/tour/fields/checkbox_exclusion' is clicked on

2018-10-28 08:29:26 - [MESSAGE][PASSED] - Object: 'Object Repository/tour/fields/checkbox_exclusion' is clicked on

2018-10-28 08:29:26 - [MESSAGE][PASSED] - Object: 'Object Repository/tour/fields/checkbox_exclusion' is clicked on

2018-10-28 08:29:26 - [MESSAGE][PASSED] - Object: 'Object Repository/tour/fields/checkbox_exclusion' is clicked on

2018-10-28 08:29:26 - [MESSAGE][PASSED] - Object: 'Object Repository/tour/fields/checkbox_exclusion' is clicked on

2018-10-28 08:29:27 - [MESSAGE][PASSED] - Object: 'Object Repository/tour/fields/checkbox_exclusion' is clicked on

2018-10-28 08:29:27 - [MESSAGE][PASSED] - Object: 'Object Repository/tour/fields/checkbox_exclusion' is clicked on

2018-10-28 08:29:27 - [MESSAGE][PASSED] - phpTravels.Tour.SetTourExclusions is PASSED

2018-10-28 08:29:27 - [TEST_STEP][PASSED] - phpTravels.Tour.SaveTour: phpTravels.Tour.SaveTour is PASSED

2018-10-28 08:29:27 - [MESSAGE][PASSED] - Object: 'Object Repository/tour/fields/button_submit' is clicked on

2018-10-28 08:29:30 - [MESSAGE][PASSED] - Object 'Object Repository/tour/fields/table_list' is present

2018-10-28 08:29:30 - [MESSAGE][PASSED] - phpTravels.Tour.SaveTour is PASSED]]></system-out>
         <system-err><![CDATA[]]></system-err>
      </testcase>
      <testcase name="Test Cases/User/AddSupplier" classname="Test Cases/User/AddSupplier" status="FAILED">
         <failure type="FAILED" message="Unable to click on object 'Object Repository/user/supplier/fields/div_select_hotel' (Root cause: org.openqa.selenium.ElementClickInterceptedException: Element &lt;div class=&quot;form-group &quot;> is not clickable at point (783.5,624.25) because another element &lt;div id=&quot;select2-drop-mask&quot; class=&quot;select2-drop-mask&quot;> obscures it
Build info: version: '3.7.1', revision: '8a0099a', time: '2017-11-06T21:07:36.161Z'
System info: host: 'RENU-PC', ip: '192.168.1.75', os.name: 'Windows 7', os.arch: 'amd64', os.version: '6.1', java.version: '1.8.0_102'
Driver info: com.kms.katalon.core.webui.driver.firefox.CGeckoDriver
Capabilities {acceptInsecureCerts: true, browserName: firefox, browserVersion: 62.0.3, javascriptEnabled: true, moz:accessibilityChecks: false, moz:headless: false, moz:processID: 4768, moz:profile: C:\Users\Renu\AppData\Local..., moz:useNonSpecCompliantPointerOrigin: false, moz:webdriverClick: true, pageLoadStrategy: normal, platform: XP, platformName: XP, platformVersion: 6.1, proxy: Proxy(direct), rotatable: false, timeouts: {implicit: 0, pageLoad: 300000, script: 30000}}
Session ID: adda7849-0f4f-470c-86c2-33b9883943ae)"/>
         <system-out><![CDATA[2018-10-28 08:29:30 - [TEST_CASE][FAILED] - Test Cases/User/AddSupplier: Test Cases/User/AddSupplier FAILED because (of) Unable to click on object 'Object Repository/user/supplier/fields/div_select_hotel' (Root cause: org.openqa.selenium.ElementClickInterceptedException: Element <div class="form-group "> is not clickable at point (783.5,624.25) because another element <div id="select2-drop-mask" class="select2-drop-mask"> obscures it
Build info: version: '3.7.1', revision: '8a0099a', time: '2017-11-06T21:07:36.161Z'
System info: host: 'RENU-PC', ip: '192.168.1.75', os.name: 'Windows 7', os.arch: 'amd64', os.version: '6.1', java.version: '1.8.0_102'
Driver info: com.kms.katalon.core.webui.driver.firefox.CGeckoDriver
Capabilities {acceptInsecureCerts: true, browserName: firefox, browserVersion: 62.0.3, javascriptEnabled: true, moz:accessibilityChecks: false, moz:headless: false, moz:processID: 4768, moz:profile: C:\Users\Renu\AppData\Local..., moz:useNonSpecCompliantPointerOrigin: false, moz:webdriverClick: true, pageLoadStrategy: normal, platform: XP, platformName: XP, platformVersion: 6.1, proxy: Proxy(direct), rotatable: false, timeouts: {implicit: 0, pageLoad: 300000, script: 30000}}
Session ID: adda7849-0f4f-470c-86c2-33b9883943ae)

2018-10-28 08:29:31 - [TEST_STEP][PASSED] - click: Object: 'Object Repository/user/supplier/navigation/a_account' is clicked on

2018-10-28 08:29:32 - [MESSAGE][PASSED] - Object: 'Object Repository/user/supplier/navigation/a_account' is clicked on

2018-10-28 08:29:32 - [TEST_STEP][PASSED] - click: Object: 'Object Repository/user/supplier/navigation/a_supplier' is clicked on

2018-10-28 08:29:34 - [MESSAGE][PASSED] - Object: 'Object Repository/user/supplier/navigation/a_supplier' is clicked on

2018-10-28 08:29:34 - [TEST_STEP][PASSED] - click: Object: 'Object Repository/user/supplier/actions/button_add' is clicked on

2018-10-28 08:29:36 - [MESSAGE][PASSED] - Object: 'Object Repository/user/supplier/actions/button_add' is clicked on

2018-10-28 08:29:36 - [TEST_STEP][PASSED] - setText: Text 'Renu' is set on object 'Object Repository/user/supplier/fields/input_first_name'

2018-10-28 08:29:37 - [MESSAGE][PASSED] - Text 'Renu' is set on object 'Object Repository/user/supplier/fields/input_first_name'

2018-10-28 08:29:37 - [TEST_STEP][PASSED] - setText: Text 'Rahul' is set on object 'Object Repository/user/supplier/fields/input_last_name'

2018-10-28 08:29:37 - [MESSAGE][PASSED] - Text 'Rahul' is set on object 'Object Repository/user/supplier/fields/input_last_name'

2018-10-28 08:29:37 - [TEST_STEP][PASSED] - setText: Text 'tr2@test.com' is set on object 'Object Repository/user/supplier/fields/input_email'

2018-10-28 08:29:38 - [MESSAGE][PASSED] - Text 'tr2@test.com' is set on object 'Object Repository/user/supplier/fields/input_email'

2018-10-28 08:29:38 - [TEST_STEP][PASSED] - setText: Text 'Inapp2.0' is set on object 'Object Repository/user/supplier/fields/input_password'

2018-10-28 08:29:38 - [MESSAGE][PASSED] - Text 'Inapp2.0' is set on object 'Object Repository/user/supplier/fields/input_password'

2018-10-28 08:29:38 - [TEST_STEP][PASSED] - setText: Text '8891767706' is set on object 'Object Repository/user/supplier/fields/input_mobile'

2018-10-28 08:29:38 - [MESSAGE][PASSED] - Text '8891767706' is set on object 'Object Repository/user/supplier/fields/input_mobile'

2018-10-28 08:29:38 - [TEST_STEP][PASSED] - click: Object: 'Object Repository/user/supplier/fields/div_country_initiate' is clicked on

2018-10-28 08:29:39 - [MESSAGE][PASSED] - Object: 'Object Repository/user/supplier/fields/div_country_initiate' is clicked on

2018-10-28 08:29:39 - [TEST_STEP][PASSED] - setText: Text 'India' is set on object 'Object Repository/user/supplier/fields/input_select_country'

2018-10-28 08:29:40 - [MESSAGE][PASSED] - Text 'India' is set on object 'Object Repository/user/supplier/fields/input_select_country'

2018-10-28 08:29:40 - [TEST_STEP][PASSED] - click: Object: 'Object Repository/user/supplier/fields/div_county_select' is clicked on

2018-10-28 08:29:41 - [MESSAGE][PASSED] - Object: 'Object Repository/user/supplier/fields/div_county_select' is clicked on

2018-10-28 08:29:41 - [TEST_STEP][PASSED] - setText: Text 'Thannikattethu' is set on object 'Object Repository/user/supplier/fields/input_address_line1'

2018-10-28 08:29:41 - [MESSAGE][PASSED] - Text 'Thannikattethu' is set on object 'Object Repository/user/supplier/fields/input_address_line1'

2018-10-28 08:29:41 - [TEST_STEP][PASSED] - setText: Text 'Kadapra Mannar' is set on object 'Object Repository/user/supplier/fields/input_address_line2'

2018-10-28 08:29:42 - [MESSAGE][PASSED] - Text 'Kadapra Mannar' is set on object 'Object Repository/user/supplier/fields/input_address_line2'

2018-10-28 08:29:42 - [TEST_STEP][PASSED] - selectOptionByValue: All options with value 'Tours' are selected in object 'Object Repository/user/supplier/fields/select_apply_for'  using regular expression

2018-10-28 08:29:42 - [MESSAGE][PASSED] - All options with value 'Tours' are selected in object 'Object Repository/user/supplier/fields/select_apply_for'  using regular expression

2018-10-28 08:29:42 - [TEST_STEP][PASSED] - setText: Text 'User' is set on object 'Object Repository/user/supplier/fields/input_item_name'

2018-10-28 08:29:42 - [MESSAGE][PASSED] - Text 'User' is set on object 'Object Repository/user/supplier/fields/input_item_name'

2018-10-28 08:29:42 - [TEST_STEP][PASSED] - click: Object: 'Object Repository/user/supplier/fields/ul_select_hotel' is clicked on

2018-10-28 08:29:43 - [MESSAGE][PASSED] - Object: 'Object Repository/user/supplier/fields/ul_select_hotel' is clicked on

2018-10-28 08:29:43 - [TEST_STEP][PASSED] - setText: Text 'Rendezvous Hotels' is set on object 'Object Repository/user/supplier/fields/input_select_hotel'

2018-10-28 08:29:43 - [MESSAGE][PASSED] - Text 'Rendezvous Hotels' is set on object 'Object Repository/user/supplier/fields/input_select_hotel'

2018-10-28 08:29:43 - [TEST_STEP][FAILED] - click: Unable to click on object 'Object Repository/user/supplier/fields/div_select_hotel' (Root cause: org.openqa.selenium.ElementClickInterceptedException: Element <div class="form-group "> is not clickable at point (783.5,624.25) because another element <div id="select2-drop-mask" class="select2-drop-mask"> obscures it
Build info: version: '3.7.1', revision: '8a0099a', time: '2017-11-06T21:07:36.161Z'
System info: host: 'RENU-PC', ip: '192.168.1.75', os.name: 'Windows 7', os.arch: 'amd64', os.version: '6.1', java.version: '1.8.0_102'
Driver info: com.kms.katalon.core.webui.driver.firefox.CGeckoDriver
Capabilities {acceptInsecureCerts: true, browserName: firefox, browserVersion: 62.0.3, javascriptEnabled: true, moz:accessibilityChecks: false, moz:headless: false, moz:processID: 4768, moz:profile: C:\Users\Renu\AppData\Local..., moz:useNonSpecCompliantPointerOrigin: false, moz:webdriverClick: true, pageLoadStrategy: normal, platform: XP, platformName: XP, platformVersion: 6.1, proxy: Proxy(direct), rotatable: false, timeouts: {implicit: 0, pageLoad: 300000, script: 30000}}
Session ID: adda7849-0f4f-470c-86c2-33b9883943ae)

2018-10-28 08:29:43 - [MESSAGE][FAILED] - Unable to click on object 'Object Repository/user/supplier/fields/div_select_hotel' (Root cause: org.openqa.selenium.ElementClickInterceptedException: Element <div class="form-group "> is not clickable at point (783.5,624.25) because another element <div id="select2-drop-mask" class="select2-drop-mask"> obscures it
Build info: version: '3.7.1', revision: '8a0099a', time: '2017-11-06T21:07:36.161Z'
System info: host: 'RENU-PC', ip: '192.168.1.75', os.name: 'Windows 7', os.arch: 'amd64', os.version: '6.1', java.version: '1.8.0_102'
Driver info: com.kms.katalon.core.webui.driver.firefox.CGeckoDriver
Capabilities {acceptInsecureCerts: true, browserName: firefox, browserVersion: 62.0.3, javascriptEnabled: true, moz:accessibilityChecks: false, moz:headless: false, moz:processID: 4768, moz:profile: C:\Users\Renu\AppData\Local..., moz:useNonSpecCompliantPointerOrigin: false, moz:webdriverClick: true, pageLoadStrategy: normal, platform: XP, platformName: XP, platformVersion: 6.1, proxy: Proxy(direct), rotatable: false, timeouts: {implicit: 0, pageLoad: 300000, script: 30000}}
Session ID: adda7849-0f4f-470c-86c2-33b9883943ae)
[[ATTACHMENT|D:\\Katalon_Works\\Katalon_Assignment_2\\Renu_Katalon_Assignment\\Reports\\ManageOperationForNewAdmin\\20181028_082825\\1540695583566.png]]]]></system-out>
         <system-err><![CDATA[2018-10-28 08:29:30 - [TEST_CASE][FAILED] - Test Cases/User/AddSupplier: Test Cases/User/AddSupplier FAILED because (of) Unable to click on object 'Object Repository/user/supplier/fields/div_select_hotel' (Root cause: org.openqa.selenium.ElementClickInterceptedException: Element <div class="form-group "> is not clickable at point (783.5,624.25) because another element <div id="select2-drop-mask" class="select2-drop-mask"> obscures it
Build info: version: '3.7.1', revision: '8a0099a', time: '2017-11-06T21:07:36.161Z'
System info: host: 'RENU-PC', ip: '192.168.1.75', os.name: 'Windows 7', os.arch: 'amd64', os.version: '6.1', java.version: '1.8.0_102'
Driver info: com.kms.katalon.core.webui.driver.firefox.CGeckoDriver
Capabilities {acceptInsecureCerts: true, browserName: firefox, browserVersion: 62.0.3, javascriptEnabled: true, moz:accessibilityChecks: false, moz:headless: false, moz:processID: 4768, moz:profile: C:\Users\Renu\AppData\Local..., moz:useNonSpecCompliantPointerOrigin: false, moz:webdriverClick: true, pageLoadStrategy: normal, platform: XP, platformName: XP, platformVersion: 6.1, proxy: Proxy(direct), rotatable: false, timeouts: {implicit: 0, pageLoad: 300000, script: 30000}}
Session ID: adda7849-0f4f-470c-86c2-33b9883943ae)]]></system-err>
      </testcase>
      <testcase name="Test Cases/Common/LogOut" classname="Test Cases/Common/LogOut" status="FAILED">
         <failure type="FAILED" message="Unable to click on object 'Object Repository/common/logout/button_Logout' (Root cause: org.openqa.selenium.ElementClickInterceptedException: Element &lt;a class=&quot;btn btn-danger btn-sm btn-block&quot; href=&quot;https://www.phptravels.net/admin/logout&quot;> is not clickable at point (162.5,59.5) because another element &lt;div id=&quot;select2-drop-mask&quot; class=&quot;select2-drop-mask&quot;> obscures it
Build info: version: '3.7.1', revision: '8a0099a', time: '2017-11-06T21:07:36.161Z'
System info: host: 'RENU-PC', ip: '192.168.1.75', os.name: 'Windows 7', os.arch: 'amd64', os.version: '6.1', java.version: '1.8.0_102'
Driver info: com.kms.katalon.core.webui.driver.firefox.CGeckoDriver
Capabilities {acceptInsecureCerts: true, browserName: firefox, browserVersion: 62.0.3, javascriptEnabled: true, moz:accessibilityChecks: false, moz:headless: false, moz:processID: 4768, moz:profile: C:\Users\Renu\AppData\Local..., moz:useNonSpecCompliantPointerOrigin: false, moz:webdriverClick: true, pageLoadStrategy: normal, platform: XP, platformName: XP, platformVersion: 6.1, proxy: Proxy(direct), rotatable: false, timeouts: {implicit: 0, pageLoad: 300000, script: 30000}}
Session ID: adda7849-0f4f-470c-86c2-33b9883943ae)"/>
         <system-out><![CDATA[2018-10-28 08:29:43 - [TEST_CASE][FAILED] - Test Cases/Common/LogOut: Test Cases/Common/LogOut FAILED because (of) Unable to click on object 'Object Repository/common/logout/button_Logout' (Root cause: org.openqa.selenium.ElementClickInterceptedException: Element <a class="btn btn-danger btn-sm btn-block" href="https://www.phptravels.net/admin/logout"> is not clickable at point (162.5,59.5) because another element <div id="select2-drop-mask" class="select2-drop-mask"> obscures it
Build info: version: '3.7.1', revision: '8a0099a', time: '2017-11-06T21:07:36.161Z'
System info: host: 'RENU-PC', ip: '192.168.1.75', os.name: 'Windows 7', os.arch: 'amd64', os.version: '6.1', java.version: '1.8.0_102'
Driver info: com.kms.katalon.core.webui.driver.firefox.CGeckoDriver
Capabilities {acceptInsecureCerts: true, browserName: firefox, browserVersion: 62.0.3, javascriptEnabled: true, moz:accessibilityChecks: false, moz:headless: false, moz:processID: 4768, moz:profile: C:\Users\Renu\AppData\Local..., moz:useNonSpecCompliantPointerOrigin: false, moz:webdriverClick: true, pageLoadStrategy: normal, platform: XP, platformName: XP, platformVersion: 6.1, proxy: Proxy(direct), rotatable: false, timeouts: {implicit: 0, pageLoad: 300000, script: 30000}}
Session ID: adda7849-0f4f-470c-86c2-33b9883943ae)

2018-10-28 08:29:43 - [TEST_STEP][FAILED] - click: Unable to click on object 'Object Repository/common/logout/button_Logout' (Root cause: org.openqa.selenium.ElementClickInterceptedException: Element <a class="btn btn-danger btn-sm btn-block" href="https://www.phptravels.net/admin/logout"> is not clickable at point (162.5,59.5) because another element <div id="select2-drop-mask" class="select2-drop-mask"> obscures it
Build info: version: '3.7.1', revision: '8a0099a', time: '2017-11-06T21:07:36.161Z'
System info: host: 'RENU-PC', ip: '192.168.1.75', os.name: 'Windows 7', os.arch: 'amd64', os.version: '6.1', java.version: '1.8.0_102'
Driver info: com.kms.katalon.core.webui.driver.firefox.CGeckoDriver
Capabilities {acceptInsecureCerts: true, browserName: firefox, browserVersion: 62.0.3, javascriptEnabled: true, moz:accessibilityChecks: false, moz:headless: false, moz:processID: 4768, moz:profile: C:\Users\Renu\AppData\Local..., moz:useNonSpecCompliantPointerOrigin: false, moz:webdriverClick: true, pageLoadStrategy: normal, platform: XP, platformName: XP, platformVersion: 6.1, proxy: Proxy(direct), rotatable: false, timeouts: {implicit: 0, pageLoad: 300000, script: 30000}}
Session ID: adda7849-0f4f-470c-86c2-33b9883943ae)

2018-10-28 08:29:44 - [MESSAGE][FAILED] - Unable to click on object 'Object Repository/common/logout/button_Logout' (Root cause: org.openqa.selenium.ElementClickInterceptedException: Element <a class="btn btn-danger btn-sm btn-block" href="https://www.phptravels.net/admin/logout"> is not clickable at point (162.5,59.5) because another element <div id="select2-drop-mask" class="select2-drop-mask"> obscures it
Build info: version: '3.7.1', revision: '8a0099a', time: '2017-11-06T21:07:36.161Z'
System info: host: 'RENU-PC', ip: '192.168.1.75', os.name: 'Windows 7', os.arch: 'amd64', os.version: '6.1', java.version: '1.8.0_102'
Driver info: com.kms.katalon.core.webui.driver.firefox.CGeckoDriver
Capabilities {acceptInsecureCerts: true, browserName: firefox, browserVersion: 62.0.3, javascriptEnabled: true, moz:accessibilityChecks: false, moz:headless: false, moz:processID: 4768, moz:profile: C:\Users\Renu\AppData\Local..., moz:useNonSpecCompliantPointerOrigin: false, moz:webdriverClick: true, pageLoadStrategy: normal, platform: XP, platformName: XP, platformVersion: 6.1, proxy: Proxy(direct), rotatable: false, timeouts: {implicit: 0, pageLoad: 300000, script: 30000}}
Session ID: adda7849-0f4f-470c-86c2-33b9883943ae)
[[ATTACHMENT|D:\\Katalon_Works\\Katalon_Assignment_2\\Renu_Katalon_Assignment\\Reports\\ManageOperationForNewAdmin\\20181028_082825\\1540695584032.png]]]]></system-out>
         <system-err><![CDATA[2018-10-28 08:29:43 - [TEST_CASE][FAILED] - Test Cases/Common/LogOut: Test Cases/Common/LogOut FAILED because (of) Unable to click on object 'Object Repository/common/logout/button_Logout' (Root cause: org.openqa.selenium.ElementClickInterceptedException: Element <a class="btn btn-danger btn-sm btn-block" href="https://www.phptravels.net/admin/logout"> is not clickable at point (162.5,59.5) because another element <div id="select2-drop-mask" class="select2-drop-mask"> obscures it
Build info: version: '3.7.1', revision: '8a0099a', time: '2017-11-06T21:07:36.161Z'
System info: host: 'RENU-PC', ip: '192.168.1.75', os.name: 'Windows 7', os.arch: 'amd64', os.version: '6.1', java.version: '1.8.0_102'
Driver info: com.kms.katalon.core.webui.driver.firefox.CGeckoDriver
Capabilities {acceptInsecureCerts: true, browserName: firefox, browserVersion: 62.0.3, javascriptEnabled: true, moz:accessibilityChecks: false, moz:headless: false, moz:processID: 4768, moz:profile: C:\Users\Renu\AppData\Local..., moz:useNonSpecCompliantPointerOrigin: false, moz:webdriverClick: true, pageLoadStrategy: normal, platform: XP, platformName: XP, platformVersion: 6.1, proxy: Proxy(direct), rotatable: false, timeouts: {implicit: 0, pageLoad: 300000, script: 30000}}
Session ID: adda7849-0f4f-470c-86c2-33b9883943ae)]]></system-err>
      </testcase>
      <system-out><![CDATA[2018-10-28 08:28:28 - [TEST_SUITE][FAILED] - ManageOperationForNewAdmin: Test Cases/User/AddSupplier FAILED because (of) Unable to click on object 'Object Repository/user/supplier/fields/div_select_hotel' (Root cause: org.openqa.selenium.ElementClickInterceptedException: Element <div class="form-group "> is not clickable at point (783.5,624.25) because another element <div id="select2-drop-mask" class="select2-drop-mask"> obscures it
Build info: version: '3.7.1', revision: '8a0099a', time: '2017-11-06T21:07:36.161Z'
System info: host: 'RENU-PC', ip: '192.168.1.75', os.name: 'Windows 7', os.arch: 'amd64', os.version: '6.1', java.version: '1.8.0_102'
Driver info: com.kms.katalon.core.webui.driver.firefox.CGeckoDriver
Capabilities {acceptInsecureCerts: true, browserName: firefox, browserVersion: 62.0.3, javascriptEnabled: true, moz:accessibilityChecks: false, moz:headless: false, moz:processID: 4768, moz:profile: C:\Users\Renu\AppData\Local..., moz:useNonSpecCompliantPointerOrigin: false, moz:webdriverClick: true, pageLoadStrategy: normal, platform: XP, platformName: XP, platformVersion: 6.1, proxy: Proxy(direct), rotatable: false, timeouts: {implicit: 0, pageLoad: 300000, script: 30000}}
Session ID: adda7849-0f4f-470c-86c2-33b9883943ae)]]></system-out>
      <system-err><![CDATA[2018-10-28 08:28:28 - [TEST_SUITE][FAILED] - ManageOperationForNewAdmin: Test Cases/User/AddSupplier FAILED because (of) Unable to click on object 'Object Repository/user/supplier/fields/div_select_hotel' (Root cause: org.openqa.selenium.ElementClickInterceptedException: Element <div class="form-group "> is not clickable at point (783.5,624.25) because another element <div id="select2-drop-mask" class="select2-drop-mask"> obscures it
Build info: version: '3.7.1', revision: '8a0099a', time: '2017-11-06T21:07:36.161Z'
System info: host: 'RENU-PC', ip: '192.168.1.75', os.name: 'Windows 7', os.arch: 'amd64', os.version: '6.1', java.version: '1.8.0_102'
Driver info: com.kms.katalon.core.webui.driver.firefox.CGeckoDriver
Capabilities {acceptInsecureCerts: true, browserName: firefox, browserVersion: 62.0.3, javascriptEnabled: true, moz:accessibilityChecks: false, moz:headless: false, moz:processID: 4768, moz:profile: C:\Users\Renu\AppData\Local..., moz:useNonSpecCompliantPointerOrigin: false, moz:webdriverClick: true, pageLoadStrategy: normal, platform: XP, platformName: XP, platformVersion: 6.1, proxy: Proxy(direct), rotatable: false, timeouts: {implicit: 0, pageLoad: 300000, script: 30000}}
Session ID: adda7849-0f4f-470c-86c2-33b9883943ae)]]></system-err>
   </testsuite>
</testsuites>
