<?xml version="1.0" encoding="UTF-8"?>
<testsuites name="ManageOperationForNewAdmin" time="123" tests="6" failures="2" errors="0">
   <testsuite name="ManageOperationForNewAdmin" tests="6" failures="2" errors="0" time="123" timestamp="2018-10-29 22:07:44" hostname="Renu - Renu-PC" id="Test Suites/ManageOperationForNewAdmin">
      <properties>
         <property name="deviceName" value=""/>
         <property name="devicePlatform" value=""/>
         <property name="logFolder" value="D:\\Katalon_Works\\Katalon_Assignment_2\\Renu_Katalon_Assignment\\Reports\\ManageOperationForNewAdmin\\20181029_220741"/>
         <property name="logFiles" value="D:\\Katalon_Works\\Katalon_Assignment_2\\Renu_Katalon_Assignment\\Reports\\ManageOperationForNewAdmin\\20181029_220741\\execution0.log"/>
         <property name="attachments" value="D:\\Katalon_Works\\Katalon_Assignment_2\\Renu_Katalon_Assignment\\Reports\\ManageOperationForNewAdmin\\20181029_220741\\1540831187230.png, D:\\Katalon_Works\\Katalon_Assignment_2\\Renu_Katalon_Assignment\\Reports\\ManageOperationForNewAdmin\\20181029_220741\\1540831187864.png"/>
         <property name="hostName" value="Renu - Renu-PC"/>
         <property name="os" value="Windows 7 64bit"/>
         <property name="katalonVersion" value="5.4.1.1"/>
         <property name="browser" value="Firefox 47.0"/>
         <property name="dbServerInfo" value="MySQL 5.6.20"/>
         <property name="hostAddress" value="192.168.1.75"/>
         <property name="sessionId" value="156ef395-f011-4351-93b4-41a7024a3fe8"/>
         <property name="seleniumVersion" value="3.7.1"/>
         <property name="proxyInformation" value="ProxyInformation{proxyOption=NO_PROXY, proxyServerType=HTTP, password=, proxyServerAddress=, proxyServerPort=0}"/>
         <property name="platform" value="Windows 7"/>
      </properties>
      <testcase name="Test Cases/Common/NavigateToUrl" classname="Test Cases/Common/NavigateToUrl" status="PASSED">
         <system-out><![CDATA[2018-10-29 22:07:45 - [TEST_CASE][PASSED] - Test Cases/Common/NavigateToUrl: Test Cases/Common/NavigateToUrl

2018-10-29 22:07:46 - [TEST_STEP][PASSED] - openBrowser: Browser is opened with url: ''

2018-10-29 22:07:59 - [MESSAGE][PASSED] - Browser is opened with url: ''

2018-10-29 22:07:59 - [TEST_STEP][PASSED] - navigateToUrl: Navigate to 'https://www.phptravels.net/admin' successfully

2018-10-29 22:08:01 - [MESSAGE][PASSED] - Navigate to 'https://www.phptravels.net/admin' successfully

2018-10-29 22:08:01 - [TEST_STEP][PASSED] - maximizeWindow: Current window maximized

2018-10-29 22:08:02 - [MESSAGE][PASSED] - Current window maximized]]></system-out>
         <system-err><![CDATA[]]></system-err>
      </testcase>
      <testcase name="Test Cases/Common/Login" classname="Test Cases/Common/Login" status="PASSED">
         <system-out><![CDATA[2018-10-29 22:08:02 - [TEST_CASE][PASSED] - Test Cases/Common/Login: Test Cases/Common/Login

2018-10-29 22:08:02 - [TEST_STEP][PASSED] - phpTravels.Common.Login: phpTravels.Common.Login is PASSED

2018-10-29 22:08:03 - [MESSAGE][PASSED] - Text 'admin@phptravels.com' is set on object 'Object Repository/common/login/input_email'

2018-10-29 22:08:05 - [MESSAGE][PASSED] - Text 'demoadmin' is set on object 'Object Repository/common/login/input_password'

2018-10-29 22:08:05 - [MESSAGE][PASSED] - Object: 'Object Repository/common/login/button_Login' is clicked on

2018-10-29 22:08:05 - [MESSAGE][PASSED] - phpTravels.Common.Login is PASSED]]></system-out>
         <system-err><![CDATA[]]></system-err>
      </testcase>
      <testcase name="Test Cases/User/AddAdmin" classname="Test Cases/User/AddAdmin" status="PASSED">
         <system-out><![CDATA[2018-10-29 22:08:05 - [TEST_CASE][PASSED] - Test Cases/User/AddAdmin: Test Cases/User/AddAdmin

2018-10-29 22:08:05 - [TEST_STEP][PASSED] - phpTravels.Admin.NavigateToAdminPage: phpTravels.Admin.NavigateToAdminPage is PASSED

2018-10-29 22:08:11 - [MESSAGE][PASSED] - Object: 'Object Repository/user/admin/dashboard/a_account' is clicked on

2018-10-29 22:08:11 - [MESSAGE][PASSED] - Object: 'Object Repository/user/admin/dashboard/a_admin' is clicked on

2018-10-29 22:08:16 - [MESSAGE][PASSED] - Object: 'Object Repository/user/admin/action/button_add' is clicked on

2018-10-29 22:08:16 - [MESSAGE][PASSED] - phpTravels.Admin.NavigateToAdminPage is PASSED

2018-10-29 22:08:16 - [TEST_STEP][PASSED] - phpTravels.Admin.SetAdminDetails: phpTravels.Admin.SetAdminDetails is PASSED

2018-10-29 22:08:20 - [MESSAGE][PASSED] - Text 'Renu' is set on object 'Object Repository/user/admin/fields/input_first_name'

2018-10-29 22:08:20 - [MESSAGE][PASSED] - Text 'Rahul' is set on object 'Object Repository/user/admin/fields/input_last_name'

2018-10-29 22:08:21 - [MESSAGE][PASSED] - Text 'tr@test.com' is set on object 'Object Repository/user/admin/fields/input_email_address'

2018-10-29 22:08:21 - [MESSAGE][PASSED] - Text 'inapp2.0' is set on object 'Object Repository/user/admin/fields/input_password'

2018-10-29 22:08:22 - [MESSAGE][PASSED] - Text '8891767706' is set on object 'Object Repository/user/admin/fields/input_mobile_number'

2018-10-29 22:08:22 - [MESSAGE][PASSED] - Object: 'Object Repository/user/admin/fields/autocomplete_country_control' is clicked on

2018-10-29 22:08:23 - [MESSAGE][PASSED] - Object: 'Object Repository/user/admin/fields/autocomplete_country_search' is clicked on

2018-10-29 22:08:23 - [MESSAGE][PASSED] - Text 'India' is set on object 'Object Repository/user/admin/fields/autocomplete_country_search'

2018-10-29 22:08:23 - [MESSAGE][PASSED] - Object: 'Object Repository/user/admin/fields/autocomplete_country_select' is clicked on

2018-10-29 22:08:24 - [MESSAGE][PASSED] - Text 'Thannikattethu' is set on object 'Object Repository/user/admin/fields/input_address_line1'

2018-10-29 22:08:24 - [MESSAGE][PASSED] - Text 'Kadapra-Mannar' is set on object 'Object Repository/user/admin/fields/input_address_line2'

2018-10-29 22:08:25 - [MESSAGE][PASSED] - All options with index in [0] are selected on object 'Object Repository/user/admin/fields/select_status'

2018-10-29 22:08:25 - [MESSAGE][PASSED] - phpTravels.Admin.SetAdminDetails is PASSED

2018-10-29 22:08:25 - [TEST_STEP][PASSED] - phpTravels.Admin.ManageAccessDetails: phpTravels.Admin.ManageAccessDetails is PASSED

2018-10-29 22:08:25 - [MESSAGE][PASSED] - Object 'Object Repository/user/admin/fields/checkbox_all_add' is checked

2018-10-29 22:08:26 - [MESSAGE][PASSED] - Object 'Object Repository/user/admin/fields/checkbox_all_edit' is checked

2018-10-29 22:08:26 - [MESSAGE][PASSED] - Object 'Object Repository/user/admin/fields/checkbox_all_delete' is checked

2018-10-29 22:08:26 - [MESSAGE][PASSED] - Object 'Object Repository/user/admin/fields/checkbox_all_add' is checked

2018-10-29 22:08:26 - [MESSAGE][PASSED] - Object 'Object Repository/user/admin/fields/checkbox_all_edit' is checked

2018-10-29 22:08:26 - [MESSAGE][PASSED] - Object 'Object Repository/user/admin/fields/checkbox_all_delete' is checked

2018-10-29 22:08:27 - [MESSAGE][PASSED] - Object 'Object Repository/user/admin/fields/checkbox_all_add' is checked

2018-10-29 22:08:27 - [MESSAGE][PASSED] - Object 'Object Repository/user/admin/fields/checkbox_all_edit' is checked

2018-10-29 22:08:27 - [MESSAGE][PASSED] - Object 'Object Repository/user/admin/fields/checkbox_all_delete' is checked

2018-10-29 22:08:27 - [MESSAGE][PASSED] - Object 'Object Repository/user/admin/fields/checkbox_all_add' is checked

2018-10-29 22:08:27 - [MESSAGE][PASSED] - Object 'Object Repository/user/admin/fields/checkbox_all_edit' is checked

2018-10-29 22:08:28 - [MESSAGE][PASSED] - Object 'Object Repository/user/admin/fields/checkbox_all_delete' is checked

2018-10-29 22:08:28 - [MESSAGE][PASSED] - Object 'Object Repository/user/admin/fields/checkbox_all_add' is checked

2018-10-29 22:08:28 - [MESSAGE][PASSED] - Object 'Object Repository/user/admin/fields/checkbox_all_edit' is checked

2018-10-29 22:08:28 - [MESSAGE][PASSED] - Object 'Object Repository/user/admin/fields/checkbox_all_delete' is checked

2018-10-29 22:08:28 - [MESSAGE][PASSED] - phpTravels.Admin.ManageAccessDetails is PASSED

2018-10-29 22:08:28 - [TEST_STEP][PASSED] - phpTravels.Admin.SaveDetails: phpTravels.Admin.SaveDetails is PASSED

2018-10-29 22:08:31 - [MESSAGE][PASSED] - Object: 'Object Repository/user/admin/action/button_submit' is clicked on

2018-10-29 22:08:34 - [MESSAGE][PASSED] - Wait for page load successfully

2018-10-29 22:08:34 - [MESSAGE][PASSED] - Object 'Object Repository/user/admin/fields/created_admin' is present

2018-10-29 22:08:34 - [MESSAGE][PASSED] - phpTravels.Admin.SaveDetails is PASSED]]></system-out>
         <system-err><![CDATA[]]></system-err>
      </testcase>
      <testcase name="Test Cases/Common/LogOut" classname="Test Cases/Common/LogOut" status="PASSED">
         <system-out><![CDATA[2018-10-29 22:08:34 - [TEST_CASE][PASSED] - Test Cases/Common/LogOut: Test Cases/Common/LogOut

2018-10-29 22:08:34 - [TEST_STEP][PASSED] - click: Object: 'Object Repository/common/logout/button_Logout' is clicked on

2018-10-29 22:08:34 - [MESSAGE][PASSED] - Object: 'Object Repository/common/logout/button_Logout' is clicked on]]></system-out>
         <system-err><![CDATA[]]></system-err>
      </testcase>
      <testcase name="Test Cases/Common/LoginFromDatabase" classname="Test Cases/Common/LoginFromDatabase" status="PASSED">
         <system-out><![CDATA[2018-10-29 22:08:34 - [TEST_CASE][PASSED] - Test Cases/Common/LoginFromDatabase: Test Cases/Common/LoginFromDatabase

2018-10-29 22:08:35 - [TEST_STEP][PASSED] - Statement - dbdata = com.kms.katalon.core.testdata.TestDataFactory.findTestData(userDetail): Reading database data with query 'SELECT * FROM katalon_renu_16_10_2018.user'

2018-10-29 22:08:35 - [TEST_STEP][PASSED] - Statement - userName = dbdata.getValue(Email.ordinal(), userIndex): null

2018-10-29 22:08:35 - [TEST_STEP][PASSED] - Statement - password = dbdata.getValue(Password.ordinal(), userIndex): null

2018-10-29 22:08:35 - [TEST_STEP][PASSED] - phpTravels.Common.Login: phpTravels.Common.Login is PASSED

2018-10-29 22:08:36 - [MESSAGE][PASSED] - Text 'tr@test.com' is set on object 'Object Repository/common/login/input_email'

2018-10-29 22:08:37 - [MESSAGE][PASSED] - Text 'inapp2.0' is set on object 'Object Repository/common/login/input_password'

2018-10-29 22:08:37 - [MESSAGE][PASSED] - Object: 'Object Repository/common/login/button_Login' is clicked on

2018-10-29 22:08:37 - [MESSAGE][PASSED] - phpTravels.Common.Login is PASSED]]></system-out>
         <system-err><![CDATA[]]></system-err>
      </testcase>
      <testcase name="Test Cases/Tour/BookTour" classname="Test Cases/Tour/BookTour" status="PASSED">
         <system-out><![CDATA[2018-10-29 22:08:37 - [TEST_CASE][PASSED] - Test Cases/Tour/BookTour: Test Cases/Tour/BookTour

2018-10-29 22:08:38 - [TEST_STEP][PASSED] - phpTravels.Tour.NavigateToTourPage: phpTravels.Tour.NavigateToTourPage is PASSED

2018-10-29 22:08:49 - [MESSAGE][PASSED] - Object: 'Object Repository/tour/navigation/a_tour' is clicked on

2018-10-29 22:08:49 - [MESSAGE][PASSED] - Object: 'Object Repository/tour/navigation/a_Add' is clicked on

2018-10-29 22:08:49 - [MESSAGE][PASSED] - phpTravels.Tour.NavigateToTourPage is PASSED

2018-10-29 22:08:49 - [TEST_STEP][PASSED] - phpTravels.Tour.SetTourDetails: phpTravels.Tour.SetTourDetails is PASSED

2018-10-29 22:08:58 - [MESSAGE][PASSED] - All options with value 'Yes' are selected in object 'Object Repository/tour/fields/select_status'  using regular expression

2018-10-29 22:08:59 - [MESSAGE][PASSED] - Text 'Alappuzha Tour' is set on object 'Object Repository/tour/fields/input_name'

2018-10-29 22:09:00 - [MESSAGE][PASSED] - Object: 'Object Repository/tour/fields/iframe_body' is clicked on

2018-10-29 22:09:00 - [MESSAGE][PASSED] - Text 'Vacation Holiday Trip' is set on object 'Object Repository/tour/fields/iframe_body'

2018-10-29 22:09:03 - [MESSAGE][PASSED] - Text '2' is set on object 'Object Repository/tour/fields/input_adult_count'

2018-10-29 22:09:03 - [MESSAGE][PASSED] - Text '750' is set on object 'Object Repository/tour/fields/input_adult_price'

2018-10-29 22:09:04 - [MESSAGE][PASSED] - Object: 'Object Repository/tour/fields/span_enable_child' is clicked on

2018-10-29 22:09:04 - [MESSAGE][PASSED] - Text '1' is set on object 'Object Repository/tour/fields/input_child_count'

2018-10-29 22:09:05 - [MESSAGE][PASSED] - Text '100' is set on object 'Object Repository/tour/fields/input_child_price'

2018-10-29 22:09:05 - [MESSAGE][PASSED] - Object: 'Object Repository/tour/fields/span_enable_infants' is clicked on

2018-10-29 22:09:06 - [MESSAGE][PASSED] - Text '1' is set on object 'Object Repository/tour/fields/input_infant_count'

2018-10-29 22:09:06 - [MESSAGE][PASSED] - Text '200' is set on object 'Object Repository/tour/fields/input_infant_price'

2018-10-29 22:09:07 - [MESSAGE][PASSED] - All options with value '3' are selected in object 'Object Repository/tour/fields/select_option'  using regular expression

2018-10-29 22:09:07 - [MESSAGE][PASSED] - Text '2' is set on object 'Object Repository/tour/fields/input_days'

2018-10-29 22:09:07 - [MESSAGE][PASSED] - Text '1' is set on object 'Object Repository/tour/fields/input_nights'

2018-10-29 22:09:08 - [MESSAGE][PASSED] - Object: 'Object Repository/tour/fields/select_type' is clicked on

2018-10-29 22:09:08 - [MESSAGE][PASSED] - Object: 'Object Repository/tour/fields/select_type_option' is clicked on

2018-10-29 22:09:08 - [MESSAGE][PASSED] - All options with value 'yes' are selected in object 'Object Repository/tour/fields/select_featured'  using regular expression

2018-10-29 22:09:09 - [MESSAGE][PASSED] - Object: 'Object Repository/tour/fields/autocomplete_location_selector' is clicked on

2018-10-29 22:09:09 - [MESSAGE][PASSED] - Text 'Thiruvananthapuram' is set on object 'Object Repository/tour/fields/autocomplete_location_control'

2018-10-29 22:09:10 - [MESSAGE][PASSED] - Object: 'Object Repository/tour/fields/autocomplete_location_trigger' is clicked on

2018-10-29 22:09:10 - [MESSAGE][PASSED] - phpTravels.Tour.SetTourDetails is PASSED

2018-10-29 22:09:10 - [TEST_STEP][PASSED] - phpTravels.Tour.SetTourInclusions: phpTravels.Tour.SetTourInclusions is PASSED

2018-10-29 22:09:11 - [MESSAGE][PASSED] - Object: 'Object Repository/tour/fields/a_inclusion' is clicked on

2018-10-29 22:09:11 - [MESSAGE][PASSED] - Wait for page load successfully

2018-10-29 22:09:12 - [MESSAGE][PASSED] - Object: 'Object Repository/tour/fields/checkbox_inclusion' is clicked on

2018-10-29 22:09:12 - [MESSAGE][PASSED] - Object: 'Object Repository/tour/fields/checkbox_inclusion' is clicked on

2018-10-29 22:09:13 - [MESSAGE][PASSED] - Object: 'Object Repository/tour/fields/checkbox_inclusion' is clicked on

2018-10-29 22:09:13 - [MESSAGE][PASSED] - Object: 'Object Repository/tour/fields/checkbox_inclusion' is clicked on

2018-10-29 22:09:13 - [MESSAGE][PASSED] - Object: 'Object Repository/tour/fields/checkbox_inclusion' is clicked on

2018-10-29 22:09:13 - [MESSAGE][PASSED] - Object: 'Object Repository/tour/fields/checkbox_inclusion' is clicked on

2018-10-29 22:09:13 - [MESSAGE][PASSED] - Object: 'Object Repository/tour/fields/checkbox_inclusion' is clicked on

2018-10-29 22:09:14 - [MESSAGE][PASSED] - Object: 'Object Repository/tour/fields/checkbox_inclusion' is clicked on

2018-10-29 22:09:14 - [MESSAGE][PASSED] - Object: 'Object Repository/tour/fields/checkbox_inclusion' is clicked on

2018-10-29 22:09:14 - [MESSAGE][PASSED] - Object: 'Object Repository/tour/fields/checkbox_inclusion' is clicked on

2018-10-29 22:09:14 - [MESSAGE][PASSED] - Object: 'Object Repository/tour/fields/checkbox_inclusion' is clicked on

2018-10-29 22:09:15 - [MESSAGE][PASSED] - Object: 'Object Repository/tour/fields/checkbox_inclusion' is clicked on

2018-10-29 22:09:15 - [MESSAGE][PASSED] - Object: 'Object Repository/tour/fields/checkbox_inclusion' is clicked on

2018-10-29 22:09:15 - [MESSAGE][PASSED] - Object: 'Object Repository/tour/fields/checkbox_inclusion' is clicked on

2018-10-29 22:09:15 - [MESSAGE][PASSED] - Object: 'Object Repository/tour/fields/checkbox_inclusion' is clicked on

2018-10-29 22:09:15 - [MESSAGE][PASSED] - Object: 'Object Repository/tour/fields/checkbox_inclusion' is clicked on

2018-10-29 22:09:16 - [MESSAGE][PASSED] - Object: 'Object Repository/tour/fields/checkbox_inclusion' is clicked on

2018-10-29 22:09:16 - [MESSAGE][PASSED] - Object: 'Object Repository/tour/fields/checkbox_inclusion' is clicked on

2018-10-29 22:09:17 - [MESSAGE][PASSED] - Object: 'Object Repository/tour/fields/checkbox_inclusion' is clicked on

2018-10-29 22:09:17 - [MESSAGE][PASSED] - Object: 'Object Repository/tour/fields/checkbox_inclusion' is clicked on

2018-10-29 22:09:17 - [MESSAGE][PASSED] - Object: 'Object Repository/tour/fields/checkbox_inclusion' is clicked on

2018-10-29 22:09:17 - [MESSAGE][PASSED] - Object: 'Object Repository/tour/fields/checkbox_inclusion' is clicked on

2018-10-29 22:09:18 - [MESSAGE][PASSED] - Object: 'Object Repository/tour/fields/checkbox_inclusion' is clicked on

2018-10-29 22:09:18 - [MESSAGE][PASSED] - Object: 'Object Repository/tour/fields/checkbox_inclusion' is clicked on

2018-10-29 22:09:18 - [MESSAGE][PASSED] - Object: 'Object Repository/tour/fields/checkbox_inclusion' is clicked on

2018-10-29 22:09:18 - [MESSAGE][PASSED] - Object: 'Object Repository/tour/fields/checkbox_inclusion' is clicked on

2018-10-29 22:09:18 - [MESSAGE][PASSED] - Object: 'Object Repository/tour/fields/checkbox_inclusion' is clicked on

2018-10-29 22:09:19 - [MESSAGE][PASSED] - Object: 'Object Repository/tour/fields/checkbox_inclusion' is clicked on

2018-10-29 22:09:19 - [MESSAGE][PASSED] - Object: 'Object Repository/tour/fields/checkbox_inclusion' is clicked on

2018-10-29 22:09:19 - [MESSAGE][PASSED] - Object: 'Object Repository/tour/fields/checkbox_inclusion' is clicked on

2018-10-29 22:09:19 - [MESSAGE][PASSED] - Object: 'Object Repository/tour/fields/checkbox_inclusion' is clicked on

2018-10-29 22:09:20 - [MESSAGE][PASSED] - Object: 'Object Repository/tour/fields/checkbox_inclusion' is clicked on

2018-10-29 22:09:20 - [MESSAGE][PASSED] - Object: 'Object Repository/tour/fields/checkbox_inclusion' is clicked on

2018-10-29 22:09:20 - [MESSAGE][PASSED] - Object: 'Object Repository/tour/fields/checkbox_inclusion' is clicked on

2018-10-29 22:09:20 - [MESSAGE][PASSED] - Object: 'Object Repository/tour/fields/checkbox_inclusion' is clicked on

2018-10-29 22:09:21 - [MESSAGE][PASSED] - Object: 'Object Repository/tour/fields/checkbox_inclusion' is clicked on

2018-10-29 22:09:21 - [MESSAGE][PASSED] - Object: 'Object Repository/tour/fields/checkbox_inclusion' is clicked on

2018-10-29 22:09:21 - [MESSAGE][PASSED] - phpTravels.Tour.SetTourInclusions is PASSED

2018-10-29 22:09:21 - [TEST_STEP][PASSED] - phpTravels.Tour.SetTourExclusions: phpTravels.Tour.SetTourExclusions is PASSED

2018-10-29 22:09:21 - [MESSAGE][PASSED] - Object: 'Object Repository/tour/fields/a_exclusion' is clicked on

2018-10-29 22:09:21 - [MESSAGE][PASSED] - Wait for page load successfully

2018-10-29 22:09:22 - [MESSAGE][PASSED] - Object: 'Object Repository/tour/fields/checkbox_exclusion' is clicked on

2018-10-29 22:09:22 - [MESSAGE][PASSED] - Object: 'Object Repository/tour/fields/checkbox_exclusion' is clicked on

2018-10-29 22:09:22 - [MESSAGE][PASSED] - Object: 'Object Repository/tour/fields/checkbox_exclusion' is clicked on

2018-10-29 22:09:23 - [MESSAGE][PASSED] - Object: 'Object Repository/tour/fields/checkbox_exclusion' is clicked on

2018-10-29 22:09:23 - [MESSAGE][PASSED] - Object: 'Object Repository/tour/fields/checkbox_exclusion' is clicked on

2018-10-29 22:09:23 - [MESSAGE][PASSED] - Object: 'Object Repository/tour/fields/checkbox_exclusion' is clicked on

2018-10-29 22:09:24 - [MESSAGE][PASSED] - Object: 'Object Repository/tour/fields/checkbox_exclusion' is clicked on

2018-10-29 22:09:24 - [MESSAGE][PASSED] - Object: 'Object Repository/tour/fields/checkbox_exclusion' is clicked on

2018-10-29 22:09:24 - [MESSAGE][PASSED] - phpTravels.Tour.SetTourExclusions is PASSED

2018-10-29 22:09:24 - [TEST_STEP][PASSED] - phpTravels.Tour.SaveTour: phpTravels.Tour.SaveTour is PASSED

2018-10-29 22:09:24 - [MESSAGE][PASSED] - Object: 'Object Repository/tour/fields/button_submit' is clicked on

2018-10-29 22:09:32 - [MESSAGE][PASSED] - Object 'Object Repository/tour/fields/table_list' is present

2018-10-29 22:09:32 - [MESSAGE][PASSED] - phpTravels.Tour.SaveTour is PASSED]]></system-out>
         <system-err><![CDATA[]]></system-err>
      </testcase>
      <testcase name="Test Cases/User/AddSupplier" classname="Test Cases/User/AddSupplier" status="FAILED">
         <failure type="FAILED" message="Unable to set text 'Rendezvous Hotels' of object 'Object Repository/user/supplier/fields/input_hotel' (Root cause: org.openqa.selenium.InvalidElementStateException: Element must be user-editable in order to clear it.
Command duration or timeout: 0 milliseconds)"/>
         <system-out><![CDATA[2018-10-29 22:09:32 - [TEST_CASE][FAILED] - Test Cases/User/AddSupplier: Test Cases/User/AddSupplier FAILED because (of) Unable to set text 'Rendezvous Hotels' of object 'Object Repository/user/supplier/fields/input_hotel' (Root cause: org.openqa.selenium.InvalidElementStateException: Element must be user-editable in order to clear it.
Command duration or timeout: 0 milliseconds)

2018-10-29 22:09:32 - [TEST_STEP][PASSED] - click: Object: 'Object Repository/user/supplier/navigation/a_account' is clicked on

2018-10-29 22:09:33 - [MESSAGE][PASSED] - Object: 'Object Repository/user/supplier/navigation/a_account' is clicked on

2018-10-29 22:09:33 - [TEST_STEP][PASSED] - click: Object: 'Object Repository/user/supplier/navigation/a_supplier' is clicked on

2018-10-29 22:09:34 - [MESSAGE][PASSED] - Object: 'Object Repository/user/supplier/navigation/a_supplier' is clicked on

2018-10-29 22:09:34 - [TEST_STEP][PASSED] - click: Object: 'Object Repository/user/supplier/actions/button_add' is clicked on

2018-10-29 22:09:37 - [MESSAGE][PASSED] - Object: 'Object Repository/user/supplier/actions/button_add' is clicked on

2018-10-29 22:09:37 - [TEST_STEP][PASSED] - waitForPageLoad: Wait for page load successfully

2018-10-29 22:09:42 - [MESSAGE][PASSED] - Wait for page load successfully

2018-10-29 22:09:42 - [TEST_STEP][PASSED] - setText: Text 'Renu' is set on object 'Object Repository/user/supplier/fields/input_first_name'

2018-10-29 22:09:43 - [MESSAGE][PASSED] - Text 'Renu' is set on object 'Object Repository/user/supplier/fields/input_first_name'

2018-10-29 22:09:43 - [TEST_STEP][PASSED] - setText: Text 'Rahul' is set on object 'Object Repository/user/supplier/fields/input_last_name'

2018-10-29 22:09:43 - [MESSAGE][PASSED] - Text 'Rahul' is set on object 'Object Repository/user/supplier/fields/input_last_name'

2018-10-29 22:09:43 - [TEST_STEP][PASSED] - setText: Text 'tr2@test.com' is set on object 'Object Repository/user/supplier/fields/input_email'

2018-10-29 22:09:43 - [MESSAGE][PASSED] - Text 'tr2@test.com' is set on object 'Object Repository/user/supplier/fields/input_email'

2018-10-29 22:09:43 - [TEST_STEP][PASSED] - setText: Text 'Inapp2.0' is set on object 'Object Repository/user/supplier/fields/input_password'

2018-10-29 22:09:43 - [MESSAGE][PASSED] - Text 'Inapp2.0' is set on object 'Object Repository/user/supplier/fields/input_password'

2018-10-29 22:09:43 - [TEST_STEP][PASSED] - setText: Text '8891767706' is set on object 'Object Repository/user/supplier/fields/input_mobile'

2018-10-29 22:09:44 - [MESSAGE][PASSED] - Text '8891767706' is set on object 'Object Repository/user/supplier/fields/input_mobile'

2018-10-29 22:09:44 - [TEST_STEP][PASSED] - click: Object: 'Object Repository/user/supplier/fields/div_country_initiate' is clicked on

2018-10-29 22:09:44 - [MESSAGE][PASSED] - Object: 'Object Repository/user/supplier/fields/div_country_initiate' is clicked on

2018-10-29 22:09:44 - [TEST_STEP][PASSED] - setText: Text 'India' is set on object 'Object Repository/user/supplier/fields/input_select_country'

2018-10-29 22:09:45 - [MESSAGE][PASSED] - Text 'India' is set on object 'Object Repository/user/supplier/fields/input_select_country'

2018-10-29 22:09:45 - [TEST_STEP][PASSED] - click: Object: 'Object Repository/user/supplier/fields/div_county_select' is clicked on

2018-10-29 22:09:45 - [MESSAGE][PASSED] - Object: 'Object Repository/user/supplier/fields/div_county_select' is clicked on

2018-10-29 22:09:45 - [TEST_STEP][PASSED] - setText: Text 'Thannikattethu' is set on object 'Object Repository/user/supplier/fields/input_address_line1'

2018-10-29 22:09:45 - [MESSAGE][PASSED] - Text 'Thannikattethu' is set on object 'Object Repository/user/supplier/fields/input_address_line1'

2018-10-29 22:09:45 - [TEST_STEP][PASSED] - setText: Text 'Kadapra Mannar' is set on object 'Object Repository/user/supplier/fields/input_address_line2'

2018-10-29 22:09:46 - [MESSAGE][PASSED] - Text 'Kadapra Mannar' is set on object 'Object Repository/user/supplier/fields/input_address_line2'

2018-10-29 22:09:46 - [TEST_STEP][PASSED] - selectOptionByValue: All options with value 'Tours' are selected in object 'Object Repository/user/supplier/fields/select_apply_for'  using regular expression

2018-10-29 22:09:46 - [MESSAGE][PASSED] - All options with value 'Tours' are selected in object 'Object Repository/user/supplier/fields/select_apply_for'  using regular expression

2018-10-29 22:09:46 - [TEST_STEP][PASSED] - setText: Text 'User' is set on object 'Object Repository/user/supplier/fields/input_item_name'

2018-10-29 22:09:46 - [MESSAGE][PASSED] - Text 'User' is set on object 'Object Repository/user/supplier/fields/input_item_name'

2018-10-29 22:09:46 - [TEST_STEP][PASSED] - click: Object: 'Object Repository/user/supplier/fields/ul_select_hotel' is clicked on

2018-10-29 22:09:47 - [MESSAGE][PASSED] - Object: 'Object Repository/user/supplier/fields/ul_select_hotel' is clicked on

2018-10-29 22:09:47 - [TEST_STEP][FAILED] - setText: Unable to set text 'Rendezvous Hotels' of object 'Object Repository/user/supplier/fields/input_hotel' (Root cause: org.openqa.selenium.InvalidElementStateException: Element must be user-editable in order to clear it.
Command duration or timeout: 0 milliseconds)

2018-10-29 22:09:47 - [MESSAGE][FAILED] - Unable to set text 'Rendezvous Hotels' of object 'Object Repository/user/supplier/fields/input_hotel' (Root cause: org.openqa.selenium.InvalidElementStateException: Element must be user-editable in order to clear it.
Command duration or timeout: 0 milliseconds)
[[ATTACHMENT|D:\\Katalon_Works\\Katalon_Assignment_2\\Renu_Katalon_Assignment\\Reports\\ManageOperationForNewAdmin\\20181029_220741\\1540831187230.png]]]]></system-out>
         <system-err><![CDATA[2018-10-29 22:09:32 - [TEST_CASE][FAILED] - Test Cases/User/AddSupplier: Test Cases/User/AddSupplier FAILED because (of) Unable to set text 'Rendezvous Hotels' of object 'Object Repository/user/supplier/fields/input_hotel' (Root cause: org.openqa.selenium.InvalidElementStateException: Element must be user-editable in order to clear it.
Command duration or timeout: 0 milliseconds)]]></system-err>
      </testcase>
      <testcase name="Test Cases/Common/LogOutNewAdmin" classname="Test Cases/Common/LogOutNewAdmin" status="FAILED">
         <failure type="FAILED" message="Unable to click on object 'Object Repository/common/logout/button_Logout' (Root cause: org.openqa.selenium.WebDriverException: Element &lt;a class=&quot;btn btn-danger btn-sm btn-block&quot; href=&quot;https://www.phptravels.net/admin/logout&quot;>&lt;/a> is not clickable at point (162, 59.5). Other element would receive the click: &lt;div style=&quot;display: block;&quot; class=&quot;select2-drop-mask&quot; id=&quot;select2-drop-mask&quot;>&lt;/div>
Command duration or timeout: 0 milliseconds
Build info: version: '3.7.1', revision: '8a0099a', time: '2017-11-06T21:07:36.161Z'
System info: host: 'RENU-PC', ip: '192.168.1.75', os.name: 'Windows 7', os.arch: 'amd64', os.version: '6.1', java.version: '1.8.0_102'
Driver info: com.kms.katalon.core.webui.driver.firefox.CFirefoxDriver47
Capabilities {acceptSslCerts: true, applicationCacheEnabled: true, browserName: firefox, cssSelectorsEnabled: true, databaseEnabled: true, handlesAlerts: true, javascriptEnabled: true, locationContextEnabled: true, nativeEvents: false, platform: WINDOWS, platformName: WINDOWS, rotatable: false, takesScreenshot: true, version: 47.0.2, webStorageEnabled: true}
Session ID: 156ef395-f011-4351-93b4-41a7024a3fe8)"/>
         <system-out><![CDATA[2018-10-29 22:09:47 - [TEST_CASE][FAILED] - Test Cases/Common/LogOutNewAdmin: Test Cases/Common/LogOutNewAdmin FAILED because (of) Unable to click on object 'Object Repository/common/logout/button_Logout' (Root cause: org.openqa.selenium.WebDriverException: Element <a class="btn btn-danger btn-sm btn-block" href="https://www.phptravels.net/admin/logout"></a> is not clickable at point (162, 59.5). Other element would receive the click: <div style="display: block;" class="select2-drop-mask" id="select2-drop-mask"></div>
Command duration or timeout: 0 milliseconds
Build info: version: '3.7.1', revision: '8a0099a', time: '2017-11-06T21:07:36.161Z'
System info: host: 'RENU-PC', ip: '192.168.1.75', os.name: 'Windows 7', os.arch: 'amd64', os.version: '6.1', java.version: '1.8.0_102'
Driver info: com.kms.katalon.core.webui.driver.firefox.CFirefoxDriver47
Capabilities {acceptSslCerts: true, applicationCacheEnabled: true, browserName: firefox, cssSelectorsEnabled: true, databaseEnabled: true, handlesAlerts: true, javascriptEnabled: true, locationContextEnabled: true, nativeEvents: false, platform: WINDOWS, platformName: WINDOWS, rotatable: false, takesScreenshot: true, version: 47.0.2, webStorageEnabled: true}
Session ID: 156ef395-f011-4351-93b4-41a7024a3fe8)

2018-10-29 22:09:47 - [TEST_STEP][FAILED] - click: Unable to click on object 'Object Repository/common/logout/button_Logout' (Root cause: org.openqa.selenium.WebDriverException: Element <a class="btn btn-danger btn-sm btn-block" href="https://www.phptravels.net/admin/logout"></a> is not clickable at point (162, 59.5). Other element would receive the click: <div style="display: block;" class="select2-drop-mask" id="select2-drop-mask"></div>
Command duration or timeout: 0 milliseconds
Build info: version: '3.7.1', revision: '8a0099a', time: '2017-11-06T21:07:36.161Z'
System info: host: 'RENU-PC', ip: '192.168.1.75', os.name: 'Windows 7', os.arch: 'amd64', os.version: '6.1', java.version: '1.8.0_102'
Driver info: com.kms.katalon.core.webui.driver.firefox.CFirefoxDriver47
Capabilities {acceptSslCerts: true, applicationCacheEnabled: true, browserName: firefox, cssSelectorsEnabled: true, databaseEnabled: true, handlesAlerts: true, javascriptEnabled: true, locationContextEnabled: true, nativeEvents: false, platform: WINDOWS, platformName: WINDOWS, rotatable: false, takesScreenshot: true, version: 47.0.2, webStorageEnabled: true}
Session ID: 156ef395-f011-4351-93b4-41a7024a3fe8)

2018-10-29 22:09:48 - [MESSAGE][FAILED] - Unable to click on object 'Object Repository/common/logout/button_Logout' (Root cause: org.openqa.selenium.WebDriverException: Element <a class="btn btn-danger btn-sm btn-block" href="https://www.phptravels.net/admin/logout"></a> is not clickable at point (162, 59.5). Other element would receive the click: <div style="display: block;" class="select2-drop-mask" id="select2-drop-mask"></div>
Command duration or timeout: 0 milliseconds
Build info: version: '3.7.1', revision: '8a0099a', time: '2017-11-06T21:07:36.161Z'
System info: host: 'RENU-PC', ip: '192.168.1.75', os.name: 'Windows 7', os.arch: 'amd64', os.version: '6.1', java.version: '1.8.0_102'
Driver info: com.kms.katalon.core.webui.driver.firefox.CFirefoxDriver47
Capabilities {acceptSslCerts: true, applicationCacheEnabled: true, browserName: firefox, cssSelectorsEnabled: true, databaseEnabled: true, handlesAlerts: true, javascriptEnabled: true, locationContextEnabled: true, nativeEvents: false, platform: WINDOWS, platformName: WINDOWS, rotatable: false, takesScreenshot: true, version: 47.0.2, webStorageEnabled: true}
Session ID: 156ef395-f011-4351-93b4-41a7024a3fe8)
[[ATTACHMENT|D:\\Katalon_Works\\Katalon_Assignment_2\\Renu_Katalon_Assignment\\Reports\\ManageOperationForNewAdmin\\20181029_220741\\1540831187864.png]]]]></system-out>
         <system-err><![CDATA[2018-10-29 22:09:47 - [TEST_CASE][FAILED] - Test Cases/Common/LogOutNewAdmin: Test Cases/Common/LogOutNewAdmin FAILED because (of) Unable to click on object 'Object Repository/common/logout/button_Logout' (Root cause: org.openqa.selenium.WebDriverException: Element <a class="btn btn-danger btn-sm btn-block" href="https://www.phptravels.net/admin/logout"></a> is not clickable at point (162, 59.5). Other element would receive the click: <div style="display: block;" class="select2-drop-mask" id="select2-drop-mask"></div>
Command duration or timeout: 0 milliseconds
Build info: version: '3.7.1', revision: '8a0099a', time: '2017-11-06T21:07:36.161Z'
System info: host: 'RENU-PC', ip: '192.168.1.75', os.name: 'Windows 7', os.arch: 'amd64', os.version: '6.1', java.version: '1.8.0_102'
Driver info: com.kms.katalon.core.webui.driver.firefox.CFirefoxDriver47
Capabilities {acceptSslCerts: true, applicationCacheEnabled: true, browserName: firefox, cssSelectorsEnabled: true, databaseEnabled: true, handlesAlerts: true, javascriptEnabled: true, locationContextEnabled: true, nativeEvents: false, platform: WINDOWS, platformName: WINDOWS, rotatable: false, takesScreenshot: true, version: 47.0.2, webStorageEnabled: true}
Session ID: 156ef395-f011-4351-93b4-41a7024a3fe8)]]></system-err>
      </testcase>
      <system-out><![CDATA[2018-10-29 22:07:44 - [TEST_SUITE][FAILED] - ManageOperationForNewAdmin: Test Cases/User/AddSupplier FAILED because (of) Unable to set text 'Rendezvous Hotels' of object 'Object Repository/user/supplier/fields/input_hotel' (Root cause: org.openqa.selenium.InvalidElementStateException: Element must be user-editable in order to clear it.
Command duration or timeout: 0 milliseconds)]]></system-out>
      <system-err><![CDATA[2018-10-29 22:07:44 - [TEST_SUITE][FAILED] - ManageOperationForNewAdmin: Test Cases/User/AddSupplier FAILED because (of) Unable to set text 'Rendezvous Hotels' of object 'Object Repository/user/supplier/fields/input_hotel' (Root cause: org.openqa.selenium.InvalidElementStateException: Element must be user-editable in order to clear it.
Command duration or timeout: 0 milliseconds)]]></system-err>
   </testsuite>
</testsuites>
