<?xml version="1.0" encoding="UTF-8"?>
<testsuites name="CreateTourForNewAdmin" time="16" tests="0" failures="4" errors="0">
   <testsuite name="CreateTourForNewAdmin" tests="0" failures="4" errors="0" time="16" timestamp="2018-10-28 00:40:50" hostname="Renu - Renu-PC" id="Test Suites/CreateTourForNewAdmin">
      <properties>
         <property name="deviceName" value=""/>
         <property name="devicePlatform" value=""/>
         <property name="logFolder" value="D:\\Katalon_Works\\Katalon_Assignment_2\\Renu_Katalon_Assignment\\Reports\\CreateTourForNewAdmin\\20181028_004047"/>
         <property name="logFiles" value="D:\\Katalon_Works\\Katalon_Assignment_2\\Renu_Katalon_Assignment\\Reports\\CreateTourForNewAdmin\\20181028_004047\\execution0.log"/>
         <property name="attachments" value=""/>
         <property name="hostName" value="Renu - Renu-PC"/>
         <property name="os" value="Windows 7 64bit"/>
         <property name="katalonVersion" value="5.4.1.1"/>
         <property name="browser" value=""/>
         <property name="dbServerInfo" value="MySQL 5.6.20"/>
         <property name="hostAddress" value="192.168.1.75"/>
         <property name="sessionId" value="5e8f528b-5e5c-4586-b4f0-fc8ed17e3c68"/>
         <property name="seleniumVersion" value="3.7.1"/>
         <property name="proxyInformation" value="ProxyInformation{proxyOption=NO_PROXY, proxyServerType=HTTP, password=, proxyServerAddress=, proxyServerPort=0}"/>
         <property name="platform" value="Windows 7"/>
      </properties>
      <testcase name="Test Cases/Common/NavigateToUrl" classname="Test Cases/Common/NavigateToUrl" status="FAILED">
         <failure type="FAILED" message="Unable to open browser with url: '' (Root cause: org.openqa.selenium.WebDriverException: Failed to decode response from marionette
Build info: version: '3.7.1', revision: '8a0099a', time: '2017-11-06T21:07:36.161Z'
System info: host: 'RENU-PC', ip: '192.168.1.75', os.name: 'Windows 7', os.arch: 'amd64', os.version: '6.1', java.version: '1.8.0_102'
Driver info: com.kms.katalon.core.webui.driver.firefox.CGeckoDriver
Capabilities {acceptInsecureCerts: true, browserName: firefox, browserVersion: 62.0.3, javascriptEnabled: true, moz:accessibilityChecks: false, moz:headless: false, moz:processID: 5412, moz:profile: C:\Users\Renu\AppData\Local..., moz:useNonSpecCompliantPointerOrigin: false, moz:webdriverClick: true, pageLoadStrategy: normal, platform: XP, platformName: XP, platformVersion: 6.1, proxy: Proxy(direct), rotatable: false, timeouts: {implicit: 0, pageLoad: 300000, script: 30000}}
Session ID: 5e8f528b-5e5c-4586-b4f0-fc8ed17e3c68)"/>
         <system-out><![CDATA[2018-10-28 00:40:51 - [TEST_CASE][FAILED] - Test Cases/Common/NavigateToUrl: Test Cases/Common/NavigateToUrl FAILED because (of) Unable to open browser with url: '' (Root cause: org.openqa.selenium.WebDriverException: Failed to decode response from marionette
Build info: version: '3.7.1', revision: '8a0099a', time: '2017-11-06T21:07:36.161Z'
System info: host: 'RENU-PC', ip: '192.168.1.75', os.name: 'Windows 7', os.arch: 'amd64', os.version: '6.1', java.version: '1.8.0_102'
Driver info: com.kms.katalon.core.webui.driver.firefox.CGeckoDriver
Capabilities {acceptInsecureCerts: true, browserName: firefox, browserVersion: 62.0.3, javascriptEnabled: true, moz:accessibilityChecks: false, moz:headless: false, moz:processID: 5412, moz:profile: C:\Users\Renu\AppData\Local..., moz:useNonSpecCompliantPointerOrigin: false, moz:webdriverClick: true, pageLoadStrategy: normal, platform: XP, platformName: XP, platformVersion: 6.1, proxy: Proxy(direct), rotatable: false, timeouts: {implicit: 0, pageLoad: 300000, script: 30000}}
Session ID: 5e8f528b-5e5c-4586-b4f0-fc8ed17e3c68)

2018-10-28 00:40:52 - [TEST_STEP][PASSED] - openBrowser: Browser is opened with url: ''

2018-10-28 00:41:04 - [MESSAGE][PASSED] - Browser is opened with url: ''

2018-10-28 00:41:04 - [TEST_STEP][FAILED] - openBrowser: Unable to open browser with url: '' (Root cause: org.openqa.selenium.WebDriverException: Failed to decode response from marionette
Build info: version: '3.7.1', revision: '8a0099a', time: '2017-11-06T21:07:36.161Z'
System info: host: 'RENU-PC', ip: '192.168.1.75', os.name: 'Windows 7', os.arch: 'amd64', os.version: '6.1', java.version: '1.8.0_102'
Driver info: com.kms.katalon.core.webui.driver.firefox.CGeckoDriver
Capabilities {acceptInsecureCerts: true, browserName: firefox, browserVersion: 62.0.3, javascriptEnabled: true, moz:accessibilityChecks: false, moz:headless: false, moz:processID: 5412, moz:profile: C:\Users\Renu\AppData\Local..., moz:useNonSpecCompliantPointerOrigin: false, moz:webdriverClick: true, pageLoadStrategy: normal, platform: XP, platformName: XP, platformVersion: 6.1, proxy: Proxy(direct), rotatable: false, timeouts: {implicit: 0, pageLoad: 300000, script: 30000}}
Session ID: 5e8f528b-5e5c-4586-b4f0-fc8ed17e3c68)

2018-10-28 00:41:04 - [MESSAGE][WARNING] - A browser is already opened. Closing browser and opening a new one

2018-10-28 00:41:04 - [MESSAGE][FAILED] - Unable to open browser with url: '' (Root cause: org.openqa.selenium.WebDriverException: Failed to decode response from marionette
Build info: version: '3.7.1', revision: '8a0099a', time: '2017-11-06T21:07:36.161Z'
System info: host: 'RENU-PC', ip: '192.168.1.75', os.name: 'Windows 7', os.arch: 'amd64', os.version: '6.1', java.version: '1.8.0_102'
Driver info: com.kms.katalon.core.webui.driver.firefox.CGeckoDriver
Capabilities {acceptInsecureCerts: true, browserName: firefox, browserVersion: 62.0.3, javascriptEnabled: true, moz:accessibilityChecks: false, moz:headless: false, moz:processID: 5412, moz:profile: C:\Users\Renu\AppData\Local..., moz:useNonSpecCompliantPointerOrigin: false, moz:webdriverClick: true, pageLoadStrategy: normal, platform: XP, platformName: XP, platformVersion: 6.1, proxy: Proxy(direct), rotatable: false, timeouts: {implicit: 0, pageLoad: 300000, script: 30000}}
Session ID: 5e8f528b-5e5c-4586-b4f0-fc8ed17e3c68)]]></system-out>
         <system-err><![CDATA[2018-10-28 00:40:51 - [TEST_CASE][FAILED] - Test Cases/Common/NavigateToUrl: Test Cases/Common/NavigateToUrl FAILED because (of) Unable to open browser with url: '' (Root cause: org.openqa.selenium.WebDriverException: Failed to decode response from marionette
Build info: version: '3.7.1', revision: '8a0099a', time: '2017-11-06T21:07:36.161Z'
System info: host: 'RENU-PC', ip: '192.168.1.75', os.name: 'Windows 7', os.arch: 'amd64', os.version: '6.1', java.version: '1.8.0_102'
Driver info: com.kms.katalon.core.webui.driver.firefox.CGeckoDriver
Capabilities {acceptInsecureCerts: true, browserName: firefox, browserVersion: 62.0.3, javascriptEnabled: true, moz:accessibilityChecks: false, moz:headless: false, moz:processID: 5412, moz:profile: C:\Users\Renu\AppData\Local..., moz:useNonSpecCompliantPointerOrigin: false, moz:webdriverClick: true, pageLoadStrategy: normal, platform: XP, platformName: XP, platformVersion: 6.1, proxy: Proxy(direct), rotatable: false, timeouts: {implicit: 0, pageLoad: 300000, script: 30000}}
Session ID: 5e8f528b-5e5c-4586-b4f0-fc8ed17e3c68)]]></system-err>
      </testcase>
      <testcase name="Test Cases/Common/LoginFromDatabase" classname="Test Cases/Common/LoginFromDatabase" status="FAILED">
         <failure type="FAILED" message="Unable to set text 'tr@test.com' of object 'Object Repository/common/login/input_email' (Root cause: org.openqa.selenium.NoSuchSessionException: Session ID is null. Using WebDriver after calling quit()?
Build info: version: '3.7.1', revision: '8a0099a', time: '2017-11-06T21:07:36.161Z'
System info: host: 'RENU-PC', ip: '192.168.1.75', os.name: 'Windows 7', os.arch: 'amd64', os.version: '6.1', java.version: '1.8.0_102'
Driver info: driver.version: CFirefoxDriver)"/>
         <system-out><![CDATA[2018-10-28 00:41:04 - [TEST_CASE][FAILED] - Test Cases/Common/LoginFromDatabase: Test Cases/Common/LoginFromDatabase FAILED because (of) Unable to set text 'tr@test.com' of object 'Object Repository/common/login/input_email' (Root cause: org.openqa.selenium.NoSuchSessionException: Session ID is null. Using WebDriver after calling quit()?
Build info: version: '3.7.1', revision: '8a0099a', time: '2017-11-06T21:07:36.161Z'
System info: host: 'RENU-PC', ip: '192.168.1.75', os.name: 'Windows 7', os.arch: 'amd64', os.version: '6.1', java.version: '1.8.0_102'
Driver info: driver.version: CFirefoxDriver)

2018-10-28 00:41:05 - [TEST_STEP][PASSED] - Statement - dbdata = com.kms.katalon.core.testdata.TestDataFactory.findTestData(userDetail): Reading database data with query 'SELECT * FROM katalon_renu_16_10_2018.user'

2018-10-28 00:41:05 - [TEST_STEP][PASSED] - Statement - userName = dbdata.getValue(Email.ordinal(), userIndex): null

2018-10-28 00:41:05 - [TEST_STEP][PASSED] - Statement - password = dbdata.getValue(Password.ordinal(), userIndex): null

2018-10-28 00:41:05 - [TEST_STEP][FAILED] - phpTravels.Common.Login: Unable to set text 'tr@test.com' of object 'Object Repository/common/login/input_email' (Root cause: org.openqa.selenium.NoSuchSessionException: Session ID is null. Using WebDriver after calling quit()?
Build info: version: '3.7.1', revision: '8a0099a', time: '2017-11-06T21:07:36.161Z'
System info: host: 'RENU-PC', ip: '192.168.1.75', os.name: 'Windows 7', os.arch: 'amd64', os.version: '6.1', java.version: '1.8.0_102'
Driver info: driver.version: CFirefoxDriver)

2018-10-28 00:41:06 - [MESSAGE][WARNING] - Cannot take screenshot

2018-10-28 00:41:06 - [MESSAGE][FAILED] - Unable to set text 'tr@test.com' of object 'Object Repository/common/login/input_email' (Root cause: org.openqa.selenium.NoSuchSessionException: Session ID is null. Using WebDriver after calling quit()?
Build info: version: '3.7.1', revision: '8a0099a', time: '2017-11-06T21:07:36.161Z'
System info: host: 'RENU-PC', ip: '192.168.1.75', os.name: 'Windows 7', os.arch: 'amd64', os.version: '6.1', java.version: '1.8.0_102'
Driver info: driver.version: CFirefoxDriver)

2018-10-28 00:41:06 - [MESSAGE][FAILED] - Unable to set text 'tr@test.com' of object 'Object Repository/common/login/input_email' (Root cause: org.openqa.selenium.NoSuchSessionException: Session ID is null. Using WebDriver after calling quit()?
Build info: version: '3.7.1', revision: '8a0099a', time: '2017-11-06T21:07:36.161Z'
System info: host: 'RENU-PC', ip: '192.168.1.75', os.name: 'Windows 7', os.arch: 'amd64', os.version: '6.1', java.version: '1.8.0_102'
Driver info: driver.version: CFirefoxDriver)]]></system-out>
         <system-err><![CDATA[2018-10-28 00:41:04 - [TEST_CASE][FAILED] - Test Cases/Common/LoginFromDatabase: Test Cases/Common/LoginFromDatabase FAILED because (of) Unable to set text 'tr@test.com' of object 'Object Repository/common/login/input_email' (Root cause: org.openqa.selenium.NoSuchSessionException: Session ID is null. Using WebDriver after calling quit()?
Build info: version: '3.7.1', revision: '8a0099a', time: '2017-11-06T21:07:36.161Z'
System info: host: 'RENU-PC', ip: '192.168.1.75', os.name: 'Windows 7', os.arch: 'amd64', os.version: '6.1', java.version: '1.8.0_102'
Driver info: driver.version: CFirefoxDriver)]]></system-err>
      </testcase>
      <testcase name="Test Cases/Tour/BookTour" classname="Test Cases/Tour/BookTour" status="FAILED">
         <failure type="FAILED" message="Unable to click on object 'Object Repository/tour/navigation/a_tour' (Root cause: org.openqa.selenium.NoSuchSessionException: Session ID is null. Using WebDriver after calling quit()?
Build info: version: '3.7.1', revision: '8a0099a', time: '2017-11-06T21:07:36.161Z'
System info: host: 'RENU-PC', ip: '192.168.1.75', os.name: 'Windows 7', os.arch: 'amd64', os.version: '6.1', java.version: '1.8.0_102'
Driver info: driver.version: CFirefoxDriver)"/>
         <system-out><![CDATA[2018-10-28 00:41:06 - [TEST_CASE][FAILED] - Test Cases/Tour/BookTour: Test Cases/Tour/BookTour FAILED because (of) Unable to click on object 'Object Repository/tour/navigation/a_tour' (Root cause: org.openqa.selenium.NoSuchSessionException: Session ID is null. Using WebDriver after calling quit()?
Build info: version: '3.7.1', revision: '8a0099a', time: '2017-11-06T21:07:36.161Z'
System info: host: 'RENU-PC', ip: '192.168.1.75', os.name: 'Windows 7', os.arch: 'amd64', os.version: '6.1', java.version: '1.8.0_102'
Driver info: driver.version: CFirefoxDriver)

2018-10-28 00:41:06 - [TEST_STEP][FAILED] - phpTravels.Tour.NavigateToTourPage: Unable to click on object 'Object Repository/tour/navigation/a_tour' (Root cause: org.openqa.selenium.NoSuchSessionException: Session ID is null. Using WebDriver after calling quit()?
Build info: version: '3.7.1', revision: '8a0099a', time: '2017-11-06T21:07:36.161Z'
System info: host: 'RENU-PC', ip: '192.168.1.75', os.name: 'Windows 7', os.arch: 'amd64', os.version: '6.1', java.version: '1.8.0_102'
Driver info: driver.version: CFirefoxDriver)

2018-10-28 00:41:06 - [MESSAGE][WARNING] - Cannot take screenshot

2018-10-28 00:41:06 - [MESSAGE][FAILED] - Unable to click on object 'Object Repository/tour/navigation/a_tour' (Root cause: org.openqa.selenium.NoSuchSessionException: Session ID is null. Using WebDriver after calling quit()?
Build info: version: '3.7.1', revision: '8a0099a', time: '2017-11-06T21:07:36.161Z'
System info: host: 'RENU-PC', ip: '192.168.1.75', os.name: 'Windows 7', os.arch: 'amd64', os.version: '6.1', java.version: '1.8.0_102'
Driver info: driver.version: CFirefoxDriver)

2018-10-28 00:41:06 - [MESSAGE][FAILED] - Unable to click on object 'Object Repository/tour/navigation/a_tour' (Root cause: org.openqa.selenium.NoSuchSessionException: Session ID is null. Using WebDriver after calling quit()?
Build info: version: '3.7.1', revision: '8a0099a', time: '2017-11-06T21:07:36.161Z'
System info: host: 'RENU-PC', ip: '192.168.1.75', os.name: 'Windows 7', os.arch: 'amd64', os.version: '6.1', java.version: '1.8.0_102'
Driver info: driver.version: CFirefoxDriver)]]></system-out>
         <system-err><![CDATA[2018-10-28 00:41:06 - [TEST_CASE][FAILED] - Test Cases/Tour/BookTour: Test Cases/Tour/BookTour FAILED because (of) Unable to click on object 'Object Repository/tour/navigation/a_tour' (Root cause: org.openqa.selenium.NoSuchSessionException: Session ID is null. Using WebDriver after calling quit()?
Build info: version: '3.7.1', revision: '8a0099a', time: '2017-11-06T21:07:36.161Z'
System info: host: 'RENU-PC', ip: '192.168.1.75', os.name: 'Windows 7', os.arch: 'amd64', os.version: '6.1', java.version: '1.8.0_102'
Driver info: driver.version: CFirefoxDriver)]]></system-err>
      </testcase>
      <testcase name="Test Cases/Common/LogOut" classname="Test Cases/Common/LogOut" status="FAILED">
         <failure type="FAILED" message="Unable to click on object 'Object Repository/common/logout/button_Logout' (Root cause: org.openqa.selenium.NoSuchSessionException: Session ID is null. Using WebDriver after calling quit()?
Build info: version: '3.7.1', revision: '8a0099a', time: '2017-11-06T21:07:36.161Z'
System info: host: 'RENU-PC', ip: '192.168.1.75', os.name: 'Windows 7', os.arch: 'amd64', os.version: '6.1', java.version: '1.8.0_102'
Driver info: driver.version: CFirefoxDriver)"/>
         <system-out><![CDATA[2018-10-28 00:41:06 - [TEST_CASE][FAILED] - Test Cases/Common/LogOut: Test Cases/Common/LogOut FAILED because (of) Unable to click on object 'Object Repository/common/logout/button_Logout' (Root cause: org.openqa.selenium.NoSuchSessionException: Session ID is null. Using WebDriver after calling quit()?
Build info: version: '3.7.1', revision: '8a0099a', time: '2017-11-06T21:07:36.161Z'
System info: host: 'RENU-PC', ip: '192.168.1.75', os.name: 'Windows 7', os.arch: 'amd64', os.version: '6.1', java.version: '1.8.0_102'
Driver info: driver.version: CFirefoxDriver)

2018-10-28 00:41:07 - [TEST_STEP][FAILED] - click: Unable to click on object 'Object Repository/common/logout/button_Logout' (Root cause: org.openqa.selenium.NoSuchSessionException: Session ID is null. Using WebDriver after calling quit()?
Build info: version: '3.7.1', revision: '8a0099a', time: '2017-11-06T21:07:36.161Z'
System info: host: 'RENU-PC', ip: '192.168.1.75', os.name: 'Windows 7', os.arch: 'amd64', os.version: '6.1', java.version: '1.8.0_102'
Driver info: driver.version: CFirefoxDriver)

2018-10-28 00:41:07 - [MESSAGE][WARNING] - Cannot take screenshot

2018-10-28 00:41:07 - [MESSAGE][FAILED] - Unable to click on object 'Object Repository/common/logout/button_Logout' (Root cause: org.openqa.selenium.NoSuchSessionException: Session ID is null. Using WebDriver after calling quit()?
Build info: version: '3.7.1', revision: '8a0099a', time: '2017-11-06T21:07:36.161Z'
System info: host: 'RENU-PC', ip: '192.168.1.75', os.name: 'Windows 7', os.arch: 'amd64', os.version: '6.1', java.version: '1.8.0_102'
Driver info: driver.version: CFirefoxDriver)]]></system-out>
         <system-err><![CDATA[2018-10-28 00:41:06 - [TEST_CASE][FAILED] - Test Cases/Common/LogOut: Test Cases/Common/LogOut FAILED because (of) Unable to click on object 'Object Repository/common/logout/button_Logout' (Root cause: org.openqa.selenium.NoSuchSessionException: Session ID is null. Using WebDriver after calling quit()?
Build info: version: '3.7.1', revision: '8a0099a', time: '2017-11-06T21:07:36.161Z'
System info: host: 'RENU-PC', ip: '192.168.1.75', os.name: 'Windows 7', os.arch: 'amd64', os.version: '6.1', java.version: '1.8.0_102'
Driver info: driver.version: CFirefoxDriver)]]></system-err>
      </testcase>
      <system-out><![CDATA[2018-10-28 00:40:50 - [TEST_SUITE][FAILED] - CreateTourForNewAdmin: Test Cases/Common/NavigateToUrl FAILED because (of) Unable to open browser with url: '' (Root cause: org.openqa.selenium.WebDriverException: Failed to decode response from marionette
Build info: version: '3.7.1', revision: '8a0099a', time: '2017-11-06T21:07:36.161Z'
System info: host: 'RENU-PC', ip: '192.168.1.75', os.name: 'Windows 7', os.arch: 'amd64', os.version: '6.1', java.version: '1.8.0_102'
Driver info: com.kms.katalon.core.webui.driver.firefox.CGeckoDriver
Capabilities {acceptInsecureCerts: true, browserName: firefox, browserVersion: 62.0.3, javascriptEnabled: true, moz:accessibilityChecks: false, moz:headless: false, moz:processID: 5412, moz:profile: C:\Users\Renu\AppData\Local..., moz:useNonSpecCompliantPointerOrigin: false, moz:webdriverClick: true, pageLoadStrategy: normal, platform: XP, platformName: XP, platformVersion: 6.1, proxy: Proxy(direct), rotatable: false, timeouts: {implicit: 0, pageLoad: 300000, script: 30000}}
Session ID: 5e8f528b-5e5c-4586-b4f0-fc8ed17e3c68)]]></system-out>
      <system-err><![CDATA[2018-10-28 00:40:50 - [TEST_SUITE][FAILED] - CreateTourForNewAdmin: Test Cases/Common/NavigateToUrl FAILED because (of) Unable to open browser with url: '' (Root cause: org.openqa.selenium.WebDriverException: Failed to decode response from marionette
Build info: version: '3.7.1', revision: '8a0099a', time: '2017-11-06T21:07:36.161Z'
System info: host: 'RENU-PC', ip: '192.168.1.75', os.name: 'Windows 7', os.arch: 'amd64', os.version: '6.1', java.version: '1.8.0_102'
Driver info: com.kms.katalon.core.webui.driver.firefox.CGeckoDriver
Capabilities {acceptInsecureCerts: true, browserName: firefox, browserVersion: 62.0.3, javascriptEnabled: true, moz:accessibilityChecks: false, moz:headless: false, moz:processID: 5412, moz:profile: C:\Users\Renu\AppData\Local..., moz:useNonSpecCompliantPointerOrigin: false, moz:webdriverClick: true, pageLoadStrategy: normal, platform: XP, platformName: XP, platformVersion: 6.1, proxy: Proxy(direct), rotatable: false, timeouts: {implicit: 0, pageLoad: 300000, script: 30000}}
Session ID: 5e8f528b-5e5c-4586-b4f0-fc8ed17e3c68)]]></system-err>
   </testsuite>
</testsuites>
