<?xml version="1.0" encoding="UTF-8"?>
<testsuites name="AddNewAdmin" time="54" tests="2" failures="1" errors="0">
   <testsuite name="AddNewAdmin" tests="2" failures="1" errors="0" time="54" timestamp="2018-10-27 18:11:24" hostname="Renu - Renu-PC" id="Test Suites/AddNewAdmin">
      <properties>
         <property name="deviceName" value=""/>
         <property name="devicePlatform" value=""/>
         <property name="logFolder" value="D:\\Katalon_Works\\Katalon_Assignment_2\\Renu_Katalon_Assignment_2\\Reports\\AddNewAdmin\\20181027_181121"/>
         <property name="logFiles" value="D:\\Katalon_Works\\Katalon_Assignment_2\\Renu_Katalon_Assignment_2\\Reports\\AddNewAdmin\\20181027_181121\\execution0.log"/>
         <property name="attachments" value=""/>
         <property name="hostName" value="Renu - Renu-PC"/>
         <property name="os" value="Windows 7 64bit"/>
         <property name="katalonVersion" value="5.4.1.1"/>
         <property name="browser" value="Firefox 62.0"/>
         <property name="dbServerInfo" value="MySQL 5.6.20"/>
         <property name="hostAddress" value="192.168.1.75"/>
         <property name="sessionId" value="ba552759-3f66-4737-8011-4f4281bcd686"/>
         <property name="seleniumVersion" value="3.7.1"/>
         <property name="proxyInformation" value="ProxyInformation{proxyOption=NO_PROXY, proxyServerType=HTTP, password=, proxyServerAddress=, proxyServerPort=0}"/>
         <property name="platform" value="Windows 7"/>
      </properties>
      <testcase name="Test Cases/Common/NavigateToUrl" classname="Test Cases/Common/NavigateToUrl" status="PASSED">
         <system-out><![CDATA[2018-10-27 18:11:25 - [TEST_CASE][PASSED] - Test Cases/Common/NavigateToUrl: Test Cases/Common/NavigateToUrl

2018-10-27 18:11:26 - [TEST_STEP][PASSED] - openBrowser: Browser is opened with url: ''

2018-10-27 18:11:33 - [MESSAGE][PASSED] - Browser is opened with url: ''

2018-10-27 18:11:33 - [TEST_STEP][PASSED] - openBrowser: Browser is opened with url: ''

2018-10-27 18:11:33 - [MESSAGE][WARNING] - A browser is already opened. Closing browser and opening a new one

2018-10-27 18:11:39 - [MESSAGE][PASSED] - Browser is opened with url: ''

2018-10-27 18:11:39 - [TEST_STEP][PASSED] - navigateToUrl: Navigate to 'https://www.phptravels.net/admin' successfully

2018-10-27 18:11:42 - [MESSAGE][PASSED] - Navigate to 'https://www.phptravels.net/admin' successfully]]></system-out>
         <system-err><![CDATA[]]></system-err>
      </testcase>
      <testcase name="Test Cases/Common/LoginAsAdmin" classname="Test Cases/Common/LoginAsAdmin" status="PASSED">
         <system-out><![CDATA[2018-10-27 18:11:42 - [TEST_CASE][PASSED] - Test Cases/Common/LoginAsAdmin: Test Cases/Common/LoginAsAdmin

2018-10-27 18:11:42 - [TEST_STEP][PASSED] - phpTravels.Common.Login: phpTravels.Common.Login is PASSED

2018-10-27 18:11:43 - [MESSAGE][PASSED] - Text 'admin@phptravels.com' is set on object 'Object Repository/common/login/input_email'

2018-10-27 18:11:44 - [MESSAGE][PASSED] - Text 'demoadmin' is set on object 'Object Repository/common/login/input_password'

2018-10-27 18:11:44 - [MESSAGE][PASSED] - Object: 'Object Repository/common/login/button_Login' is clicked on

2018-10-27 18:11:44 - [MESSAGE][PASSED] - phpTravels.Common.Login is PASSED]]></system-out>
         <system-err><![CDATA[]]></system-err>
      </testcase>
      <testcase name="Test Cases/User/AddAdmin" classname="Test Cases/User/AddAdmin" status="FAILED">
         <failure type="FAILED" message="Unable to verify object 'Object Repository/user/admin/fields/table_Admin' is present (Root cause: org.openqa.selenium.WebDriverException: Failed to decode response from marionette
Build info: version: '3.7.1', revision: '8a0099a', time: '2017-11-06T21:07:36.161Z'
System info: host: 'RENU-PC', ip: '192.168.1.75', os.name: 'Windows 7', os.arch: 'amd64', os.version: '6.1', java.version: '1.8.0_102'
Driver info: com.kms.katalon.core.webui.driver.firefox.CGeckoDriver
Capabilities {acceptInsecureCerts: true, browserName: firefox, browserVersion: 62.0.3, javascriptEnabled: true, moz:accessibilityChecks: false, moz:headless: false, moz:processID: 5908, moz:profile: C:\Users\Renu\AppData\Local..., moz:useNonSpecCompliantPointerOrigin: false, moz:webdriverClick: true, pageLoadStrategy: normal, platform: XP, platformName: XP, platformVersion: 6.1, proxy: Proxy(direct), rotatable: false, timeouts: {implicit: 0, pageLoad: 300000, script: 30000}}
Session ID: ba552759-3f66-4737-8011-4f4281bcd686
*** Element info: {Using=xpath, value=.//tbody//*[contains(text(),'sj@demo.com')]})"/>
         <system-out><![CDATA[2018-10-27 18:11:44 - [TEST_CASE][FAILED] - Test Cases/User/AddAdmin: Test Cases/User/AddAdmin FAILED because (of) Unable to verify object 'Object Repository/user/admin/fields/table_Admin' is present (Root cause: org.openqa.selenium.WebDriverException: Failed to decode response from marionette
Build info: version: '3.7.1', revision: '8a0099a', time: '2017-11-06T21:07:36.161Z'
System info: host: 'RENU-PC', ip: '192.168.1.75', os.name: 'Windows 7', os.arch: 'amd64', os.version: '6.1', java.version: '1.8.0_102'
Driver info: com.kms.katalon.core.webui.driver.firefox.CGeckoDriver
Capabilities {acceptInsecureCerts: true, browserName: firefox, browserVersion: 62.0.3, javascriptEnabled: true, moz:accessibilityChecks: false, moz:headless: false, moz:processID: 5908, moz:profile: C:\Users\Renu\AppData\Local..., moz:useNonSpecCompliantPointerOrigin: false, moz:webdriverClick: true, pageLoadStrategy: normal, platform: XP, platformName: XP, platformVersion: 6.1, proxy: Proxy(direct), rotatable: false, timeouts: {implicit: 0, pageLoad: 300000, script: 30000}}
Session ID: ba552759-3f66-4737-8011-4f4281bcd686
*** Element info: {Using=xpath, value=.//tbody//*[contains(text(),'sj@demo.com')]})

2018-10-27 18:11:45 - [TEST_STEP][PASSED] - phpTravels.Admin.NavigateToAdminPage: phpTravels.Admin.NavigateToAdminPage is PASSED

2018-10-27 18:11:48 - [MESSAGE][PASSED] - Object: 'Object Repository/user/admin/dashboard/a_Accounts' is clicked on

2018-10-27 18:11:51 - [MESSAGE][PASSED] - Object: 'Object Repository/user/admin/dashboard/a_Admins' is clicked on

2018-10-27 18:11:54 - [MESSAGE][PASSED] - Object: 'Object Repository/user/admin/action/button_Add' is clicked on

2018-10-27 18:11:54 - [MESSAGE][PASSED] - phpTravels.Admin.NavigateToAdminPage is PASSED

2018-10-27 18:11:54 - [TEST_STEP][PASSED] - phpTravels.Admin.SetAdminDetails: phpTravels.Admin.SetAdminDetails is PASSED

2018-10-27 18:11:55 - [MESSAGE][PASSED] - Text 'Renu' is set on object 'Object Repository/user/admin/fields/input_fname'

2018-10-27 18:11:55 - [MESSAGE][PASSED] - Text 'Rahul' is set on object 'Object Repository/user/admin/fields/input_lname'

2018-10-27 18:11:56 - [MESSAGE][PASSED] - Text 'tr@test.com' is set on object 'Object Repository/user/admin/fields/input_email'

2018-10-27 18:11:56 - [MESSAGE][PASSED] - Text 'inapp2.0' is set on object 'Object Repository/user/admin/fields/input_password'

2018-10-27 18:11:56 - [MESSAGE][PASSED] - Text '8891767706' is set on object 'Object Repository/user/admin/fields/input_mobile'

2018-10-27 18:11:57 - [MESSAGE][PASSED] - Object: 'Object Repository/user/admin/fields/autocomplete_country1' is clicked on

2018-10-27 18:11:57 - [MESSAGE][PASSED] - Object: 'Object Repository/user/admin/fields/autocomplete_country2' is clicked on

2018-10-27 18:11:58 - [MESSAGE][PASSED] - Text 'India' is set on object 'Object Repository/user/admin/fields/autocomplete_country2'

2018-10-27 18:11:58 - [MESSAGE][PASSED] - Object: 'Object Repository/user/admin/fields/autocomplete_country3' is clicked on

2018-10-27 18:11:59 - [MESSAGE][PASSED] - Text 'Thannikattethu' is set on object 'Object Repository/user/admin/fields/input_address1'

2018-10-27 18:11:59 - [MESSAGE][PASSED] - Text 'Kadapra-Mannar' is set on object 'Object Repository/user/admin/fields/input_address2'

2018-10-27 18:11:59 - [MESSAGE][PASSED] - All options with index in [0] are selected on object 'Object Repository/user/admin/fields/select_status'

2018-10-27 18:11:59 - [MESSAGE][PASSED] - phpTravels.Admin.SetAdminDetails is PASSED

2018-10-27 18:11:59 - [TEST_STEP][PASSED] - phpTravels.Admin.ManageAccessDetails: phpTravels.Admin.ManageAccessDetails is PASSED

2018-10-27 18:11:59 - [MESSAGE][PASSED] - Object 'Object Repository/user/admin/fields/checkbox_all_add' is checked

2018-10-27 18:12:00 - [MESSAGE][PASSED] - Object 'Object Repository/user/admin/fields/checkbox_all_edit' is checked

2018-10-27 18:12:00 - [MESSAGE][PASSED] - Object 'Object Repository/user/admin/fields/checkbox_all_delete' is checked

2018-10-27 18:12:00 - [MESSAGE][PASSED] - Object 'Object Repository/user/admin/fields/checkbox_all_add' is checked

2018-10-27 18:12:00 - [MESSAGE][PASSED] - Object 'Object Repository/user/admin/fields/checkbox_all_edit' is checked

2018-10-27 18:12:01 - [MESSAGE][PASSED] - Object 'Object Repository/user/admin/fields/checkbox_all_delete' is checked

2018-10-27 18:12:01 - [MESSAGE][PASSED] - Object 'Object Repository/user/admin/fields/checkbox_all_add' is checked

2018-10-27 18:12:01 - [MESSAGE][PASSED] - Object 'Object Repository/user/admin/fields/checkbox_all_edit' is checked

2018-10-27 18:12:02 - [MESSAGE][PASSED] - Object 'Object Repository/user/admin/fields/checkbox_all_delete' is checked

2018-10-27 18:12:02 - [MESSAGE][PASSED] - Object 'Object Repository/user/admin/fields/checkbox_all_add' is checked

2018-10-27 18:12:02 - [MESSAGE][PASSED] - Object 'Object Repository/user/admin/fields/checkbox_all_edit' is checked

2018-10-27 18:12:02 - [MESSAGE][PASSED] - Object 'Object Repository/user/admin/fields/checkbox_all_delete' is checked

2018-10-27 18:12:03 - [MESSAGE][PASSED] - Object 'Object Repository/user/admin/fields/checkbox_all_add' is checked

2018-10-27 18:12:03 - [MESSAGE][PASSED] - Object 'Object Repository/user/admin/fields/checkbox_all_edit' is checked

2018-10-27 18:12:03 - [MESSAGE][PASSED] - Object 'Object Repository/user/admin/fields/checkbox_all_delete' is checked

2018-10-27 18:12:03 - [MESSAGE][PASSED] - phpTravels.Admin.ManageAccessDetails is PASSED

2018-10-27 18:12:03 - [TEST_STEP][FAILED] - phpTravels.Admin.saveAdmin: Unable to verify object 'Object Repository/user/admin/fields/table_Admin' is present (Root cause: org.openqa.selenium.WebDriverException: Failed to decode response from marionette
Build info: version: '3.7.1', revision: '8a0099a', time: '2017-11-06T21:07:36.161Z'
System info: host: 'RENU-PC', ip: '192.168.1.75', os.name: 'Windows 7', os.arch: 'amd64', os.version: '6.1', java.version: '1.8.0_102'
Driver info: com.kms.katalon.core.webui.driver.firefox.CGeckoDriver
Capabilities {acceptInsecureCerts: true, browserName: firefox, browserVersion: 62.0.3, javascriptEnabled: true, moz:accessibilityChecks: false, moz:headless: false, moz:processID: 5908, moz:profile: C:\Users\Renu\AppData\Local..., moz:useNonSpecCompliantPointerOrigin: false, moz:webdriverClick: true, pageLoadStrategy: normal, platform: XP, platformName: XP, platformVersion: 6.1, proxy: Proxy(direct), rotatable: false, timeouts: {implicit: 0, pageLoad: 300000, script: 30000}}
Session ID: ba552759-3f66-4737-8011-4f4281bcd686
*** Element info: {Using=xpath, value=.//tbody//*[contains(text(),'sj@demo.com')]})

2018-10-27 18:12:06 - [MESSAGE][PASSED] - Object: 'Object Repository/user/admin/action/button_Submit' is clicked on

2018-10-27 18:12:06 - [MESSAGE][PASSED] - Wait for page load successfully

2018-10-27 18:12:19 - [MESSAGE][WARNING] - Cannot take screenshot

2018-10-27 18:12:19 - [MESSAGE][FAILED] - Unable to verify object 'Object Repository/user/admin/fields/table_Admin' is present (Root cause: org.openqa.selenium.WebDriverException: Failed to decode response from marionette
Build info: version: '3.7.1', revision: '8a0099a', time: '2017-11-06T21:07:36.161Z'
System info: host: 'RENU-PC', ip: '192.168.1.75', os.name: 'Windows 7', os.arch: 'amd64', os.version: '6.1', java.version: '1.8.0_102'
Driver info: com.kms.katalon.core.webui.driver.firefox.CGeckoDriver
Capabilities {acceptInsecureCerts: true, browserName: firefox, browserVersion: 62.0.3, javascriptEnabled: true, moz:accessibilityChecks: false, moz:headless: false, moz:processID: 5908, moz:profile: C:\Users\Renu\AppData\Local..., moz:useNonSpecCompliantPointerOrigin: false, moz:webdriverClick: true, pageLoadStrategy: normal, platform: XP, platformName: XP, platformVersion: 6.1, proxy: Proxy(direct), rotatable: false, timeouts: {implicit: 0, pageLoad: 300000, script: 30000}}
Session ID: ba552759-3f66-4737-8011-4f4281bcd686
*** Element info: {Using=xpath, value=.//tbody//*[contains(text(),'sj@demo.com')]})

2018-10-27 18:12:19 - [MESSAGE][FAILED] - Unable to verify object 'Object Repository/user/admin/fields/table_Admin' is present (Root cause: org.openqa.selenium.WebDriverException: Failed to decode response from marionette
Build info: version: '3.7.1', revision: '8a0099a', time: '2017-11-06T21:07:36.161Z'
System info: host: 'RENU-PC', ip: '192.168.1.75', os.name: 'Windows 7', os.arch: 'amd64', os.version: '6.1', java.version: '1.8.0_102'
Driver info: com.kms.katalon.core.webui.driver.firefox.CGeckoDriver
Capabilities {acceptInsecureCerts: true, browserName: firefox, browserVersion: 62.0.3, javascriptEnabled: true, moz:accessibilityChecks: false, moz:headless: false, moz:processID: 5908, moz:profile: C:\Users\Renu\AppData\Local..., moz:useNonSpecCompliantPointerOrigin: false, moz:webdriverClick: true, pageLoadStrategy: normal, platform: XP, platformName: XP, platformVersion: 6.1, proxy: Proxy(direct), rotatable: false, timeouts: {implicit: 0, pageLoad: 300000, script: 30000}}
Session ID: ba552759-3f66-4737-8011-4f4281bcd686
*** Element info: {Using=xpath, value=.//tbody//*[contains(text(),'sj@demo.com')]})]]></system-out>
         <system-err><![CDATA[2018-10-27 18:11:44 - [TEST_CASE][FAILED] - Test Cases/User/AddAdmin: Test Cases/User/AddAdmin FAILED because (of) Unable to verify object 'Object Repository/user/admin/fields/table_Admin' is present (Root cause: org.openqa.selenium.WebDriverException: Failed to decode response from marionette
Build info: version: '3.7.1', revision: '8a0099a', time: '2017-11-06T21:07:36.161Z'
System info: host: 'RENU-PC', ip: '192.168.1.75', os.name: 'Windows 7', os.arch: 'amd64', os.version: '6.1', java.version: '1.8.0_102'
Driver info: com.kms.katalon.core.webui.driver.firefox.CGeckoDriver
Capabilities {acceptInsecureCerts: true, browserName: firefox, browserVersion: 62.0.3, javascriptEnabled: true, moz:accessibilityChecks: false, moz:headless: false, moz:processID: 5908, moz:profile: C:\Users\Renu\AppData\Local..., moz:useNonSpecCompliantPointerOrigin: false, moz:webdriverClick: true, pageLoadStrategy: normal, platform: XP, platformName: XP, platformVersion: 6.1, proxy: Proxy(direct), rotatable: false, timeouts: {implicit: 0, pageLoad: 300000, script: 30000}}
Session ID: ba552759-3f66-4737-8011-4f4281bcd686
*** Element info: {Using=xpath, value=.//tbody//*[contains(text(),'sj@demo.com')]})]]></system-err>
      </testcase>
      <system-out><![CDATA[2018-10-27 18:11:24 - [TEST_SUITE][INCOMPLETE] - AddNewAdmin: null]]></system-out>
      <system-err><![CDATA[2018-10-27 18:11:24 - [TEST_SUITE][INCOMPLETE] - AddNewAdmin: null]]></system-err>
   </testsuite>
</testsuites>
