<?xml version="1.0" encoding="UTF-8"?>
<testsuites name="ManageOperationForNewAdmin" time="118" tests="6" failures="2" errors="0">
   <testsuite name="ManageOperationForNewAdmin" tests="6" failures="2" errors="0" time="118" timestamp="2018-10-28 22:44:09" hostname="Renu - Renu-PC" id="Test Suites/ManageOperationForNewAdmin">
      <properties>
         <property name="deviceName" value=""/>
         <property name="devicePlatform" value=""/>
         <property name="logFolder" value="D:\\Katalon_Works\\Katalon_Assignment_2\\Renu_Katalon_Assignment\\Reports\\ManageOperationForNewAdmin\\20181028_224406"/>
         <property name="logFiles" value="D:\\Katalon_Works\\Katalon_Assignment_2\\Renu_Katalon_Assignment\\Reports\\ManageOperationForNewAdmin\\20181028_224406\\execution0.log"/>
         <property name="attachments" value="D:\\Katalon_Works\\Katalon_Assignment_2\\Renu_Katalon_Assignment\\Reports\\ManageOperationForNewAdmin\\20181028_224406\\1540746967214.png, D:\\Katalon_Works\\Katalon_Assignment_2\\Renu_Katalon_Assignment\\Reports\\ManageOperationForNewAdmin\\20181028_224406\\1540746967744.png"/>
         <property name="hostName" value="Renu - Renu-PC"/>
         <property name="os" value="Windows 7 64bit"/>
         <property name="katalonVersion" value="5.4.1.1"/>
         <property name="browser" value="Firefox 62.0"/>
         <property name="dbServerInfo" value="MySQL 5.6.20"/>
         <property name="hostAddress" value="192.168.1.75"/>
         <property name="sessionId" value="753cdeb3-7e60-4071-893e-bad66ccb5e30"/>
         <property name="seleniumVersion" value="3.7.1"/>
         <property name="proxyInformation" value="ProxyInformation{proxyOption=NO_PROXY, proxyServerType=HTTP, password=, proxyServerAddress=, proxyServerPort=0}"/>
         <property name="platform" value="Windows 7"/>
      </properties>
      <testcase name="Test Cases/Common/NavigateToUrl" classname="Test Cases/Common/NavigateToUrl" status="PASSED">
         <system-out><![CDATA[2018-10-28 22:44:10 - [TEST_CASE][PASSED] - Test Cases/Common/NavigateToUrl: Test Cases/Common/NavigateToUrl

2018-10-28 22:44:11 - [TEST_STEP][PASSED] - openBrowser: Browser is opened with url: ''

2018-10-28 22:44:18 - [MESSAGE][PASSED] - Browser is opened with url: ''

2018-10-28 22:44:18 - [TEST_STEP][PASSED] - openBrowser: Browser is opened with url: ''

2018-10-28 22:44:18 - [MESSAGE][WARNING] - A browser is already opened. Closing browser and opening a new one

2018-10-28 22:44:24 - [MESSAGE][PASSED] - Browser is opened with url: ''

2018-10-28 22:44:24 - [TEST_STEP][PASSED] - navigateToUrl: Navigate to 'https://www.phptravels.net/admin' successfully

2018-10-28 22:44:27 - [MESSAGE][PASSED] - Navigate to 'https://www.phptravels.net/admin' successfully]]></system-out>
         <system-err><![CDATA[]]></system-err>
      </testcase>
      <testcase name="Test Cases/Common/Login" classname="Test Cases/Common/Login" status="PASSED">
         <system-out><![CDATA[2018-10-28 22:44:27 - [TEST_CASE][PASSED] - Test Cases/Common/Login: Test Cases/Common/Login

2018-10-28 22:44:27 - [TEST_STEP][PASSED] - phpTravels.Common.Login: phpTravels.Common.Login is PASSED

2018-10-28 22:44:28 - [MESSAGE][PASSED] - Text 'admin@phptravels.com' is set on object 'Object Repository/common/login/input_email'

2018-10-28 22:44:28 - [MESSAGE][PASSED] - Text 'demoadmin' is set on object 'Object Repository/common/login/input_password'

2018-10-28 22:44:29 - [MESSAGE][PASSED] - Object: 'Object Repository/common/login/button_Login' is clicked on

2018-10-28 22:44:29 - [MESSAGE][PASSED] - phpTravels.Common.Login is PASSED]]></system-out>
         <system-err><![CDATA[]]></system-err>
      </testcase>
      <testcase name="Test Cases/User/AddAdmin" classname="Test Cases/User/AddAdmin" status="PASSED">
         <system-out><![CDATA[2018-10-28 22:44:29 - [TEST_CASE][PASSED] - Test Cases/User/AddAdmin: Test Cases/User/AddAdmin

2018-10-28 22:44:29 - [TEST_STEP][PASSED] - phpTravels.Admin.NavigateToAdminPage: phpTravels.Admin.NavigateToAdminPage is PASSED

2018-10-28 22:44:34 - [MESSAGE][PASSED] - Object: 'Object Repository/user/admin/dashboard/a_account' is clicked on

2018-10-28 22:44:36 - [MESSAGE][PASSED] - Object: 'Object Repository/user/admin/dashboard/a_admin' is clicked on

2018-10-28 22:44:38 - [MESSAGE][PASSED] - Object: 'Object Repository/user/admin/action/button_add' is clicked on

2018-10-28 22:44:38 - [MESSAGE][PASSED] - phpTravels.Admin.NavigateToAdminPage is PASSED

2018-10-28 22:44:38 - [TEST_STEP][PASSED] - phpTravels.Admin.SetAdminDetails: phpTravels.Admin.SetAdminDetails is PASSED

2018-10-28 22:44:39 - [MESSAGE][PASSED] - Text 'Renu' is set on object 'Object Repository/user/admin/fields/input_first_name'

2018-10-28 22:44:39 - [MESSAGE][PASSED] - Text 'Rahul' is set on object 'Object Repository/user/admin/fields/input_last_name'

2018-10-28 22:44:39 - [MESSAGE][PASSED] - Text 'tr@test.com' is set on object 'Object Repository/user/admin/fields/input_email_address'

2018-10-28 22:44:40 - [MESSAGE][PASSED] - Text 'inapp2.0' is set on object 'Object Repository/user/admin/fields/input_password'

2018-10-28 22:44:40 - [MESSAGE][PASSED] - Text '8891767706' is set on object 'Object Repository/user/admin/fields/input_mobile_number'

2018-10-28 22:44:40 - [MESSAGE][PASSED] - Object: 'Object Repository/user/admin/fields/autocomplete_country_control' is clicked on

2018-10-28 22:44:41 - [MESSAGE][PASSED] - Object: 'Object Repository/user/admin/fields/autocomplete_country_search' is clicked on

2018-10-28 22:44:41 - [MESSAGE][PASSED] - Text 'India' is set on object 'Object Repository/user/admin/fields/autocomplete_country_search'

2018-10-28 22:44:42 - [MESSAGE][PASSED] - Object: 'Object Repository/user/admin/fields/autocomplete_country_select' is clicked on

2018-10-28 22:44:42 - [MESSAGE][PASSED] - Text 'Thannikattethu' is set on object 'Object Repository/user/admin/fields/input_address_line1'

2018-10-28 22:44:42 - [MESSAGE][PASSED] - Text 'Kadapra-Mannar' is set on object 'Object Repository/user/admin/fields/input_address_line2'

2018-10-28 22:44:42 - [MESSAGE][PASSED] - All options with index in [0] are selected on object 'Object Repository/user/admin/fields/select_status'

2018-10-28 22:44:42 - [MESSAGE][PASSED] - phpTravels.Admin.SetAdminDetails is PASSED

2018-10-28 22:44:42 - [TEST_STEP][PASSED] - phpTravels.Admin.ManageAccessDetails: phpTravels.Admin.ManageAccessDetails is PASSED

2018-10-28 22:44:43 - [MESSAGE][PASSED] - Object 'Object Repository/user/admin/fields/checkbox_all_add' is checked

2018-10-28 22:44:43 - [MESSAGE][PASSED] - Object 'Object Repository/user/admin/fields/checkbox_all_edit' is checked

2018-10-28 22:44:43 - [MESSAGE][PASSED] - Object 'Object Repository/user/admin/fields/checkbox_all_delete' is checked

2018-10-28 22:44:43 - [MESSAGE][PASSED] - Object 'Object Repository/user/admin/fields/checkbox_all_add' is checked

2018-10-28 22:44:44 - [MESSAGE][PASSED] - Object 'Object Repository/user/admin/fields/checkbox_all_edit' is checked

2018-10-28 22:44:44 - [MESSAGE][PASSED] - Object 'Object Repository/user/admin/fields/checkbox_all_delete' is checked

2018-10-28 22:44:44 - [MESSAGE][PASSED] - Object 'Object Repository/user/admin/fields/checkbox_all_add' is checked

2018-10-28 22:44:45 - [MESSAGE][PASSED] - Object 'Object Repository/user/admin/fields/checkbox_all_edit' is checked

2018-10-28 22:44:45 - [MESSAGE][PASSED] - Object 'Object Repository/user/admin/fields/checkbox_all_delete' is checked

2018-10-28 22:44:45 - [MESSAGE][PASSED] - Object 'Object Repository/user/admin/fields/checkbox_all_add' is checked

2018-10-28 22:44:46 - [MESSAGE][PASSED] - Object 'Object Repository/user/admin/fields/checkbox_all_edit' is checked

2018-10-28 22:44:46 - [MESSAGE][PASSED] - Object 'Object Repository/user/admin/fields/checkbox_all_delete' is checked

2018-10-28 22:44:46 - [MESSAGE][PASSED] - Object 'Object Repository/user/admin/fields/checkbox_all_add' is checked

2018-10-28 22:44:46 - [MESSAGE][PASSED] - Object 'Object Repository/user/admin/fields/checkbox_all_edit' is checked

2018-10-28 22:44:47 - [MESSAGE][PASSED] - Object 'Object Repository/user/admin/fields/checkbox_all_delete' is checked

2018-10-28 22:44:47 - [MESSAGE][PASSED] - phpTravels.Admin.ManageAccessDetails is PASSED

2018-10-28 22:44:47 - [TEST_STEP][PASSED] - phpTravels.Admin.SaveDetails: phpTravels.Admin.SaveDetails is PASSED

2018-10-28 22:44:49 - [MESSAGE][PASSED] - Object: 'Object Repository/user/admin/action/button_submit' is clicked on

2018-10-28 22:44:49 - [MESSAGE][PASSED] - Wait for page load successfully

2018-10-28 22:44:49 - [MESSAGE][PASSED] - Object 'Object Repository/user/admin/fields/created_admin' is present

2018-10-28 22:44:49 - [MESSAGE][PASSED] - phpTravels.Admin.SaveDetails is PASSED]]></system-out>
         <system-err><![CDATA[]]></system-err>
      </testcase>
      <testcase name="Test Cases/Common/LogOut" classname="Test Cases/Common/LogOut" status="PASSED">
         <system-out><![CDATA[2018-10-28 22:44:49 - [TEST_CASE][PASSED] - Test Cases/Common/LogOut: Test Cases/Common/LogOut

2018-10-28 22:44:50 - [TEST_STEP][PASSED] - click: Object: 'Object Repository/common/logout/button_Logout' is clicked on

2018-10-28 22:44:51 - [MESSAGE][PASSED] - Object: 'Object Repository/common/logout/button_Logout' is clicked on]]></system-out>
         <system-err><![CDATA[]]></system-err>
      </testcase>
      <testcase name="Test Cases/Common/LoginFromDatabase" classname="Test Cases/Common/LoginFromDatabase" status="PASSED">
         <system-out><![CDATA[2018-10-28 22:44:52 - [TEST_CASE][PASSED] - Test Cases/Common/LoginFromDatabase: Test Cases/Common/LoginFromDatabase

2018-10-28 22:44:52 - [TEST_STEP][PASSED] - Statement - dbdata = com.kms.katalon.core.testdata.TestDataFactory.findTestData(userDetail): Reading database data with query 'SELECT * FROM katalon_renu_16_10_2018.user'

2018-10-28 22:44:52 - [TEST_STEP][PASSED] - Statement - userName = dbdata.getValue(Email.ordinal(), userIndex): null

2018-10-28 22:44:52 - [TEST_STEP][PASSED] - Statement - password = dbdata.getValue(Password.ordinal(), userIndex): null

2018-10-28 22:44:52 - [TEST_STEP][PASSED] - phpTravels.Common.Login: phpTravels.Common.Login is PASSED

2018-10-28 22:44:52 - [MESSAGE][PASSED] - Text 'tr@test.com' is set on object 'Object Repository/common/login/input_email'

2018-10-28 22:44:52 - [MESSAGE][PASSED] - Text 'inapp2.0' is set on object 'Object Repository/common/login/input_password'

2018-10-28 22:44:52 - [MESSAGE][PASSED] - Object: 'Object Repository/common/login/button_Login' is clicked on

2018-10-28 22:44:52 - [MESSAGE][PASSED] - phpTravels.Common.Login is PASSED]]></system-out>
         <system-err><![CDATA[]]></system-err>
      </testcase>
      <testcase name="Test Cases/Tour/BookTour" classname="Test Cases/Tour/BookTour" status="PASSED">
         <system-out><![CDATA[2018-10-28 22:44:52 - [TEST_CASE][PASSED] - Test Cases/Tour/BookTour: Test Cases/Tour/BookTour

2018-10-28 22:44:53 - [TEST_STEP][PASSED] - phpTravels.Tour.NavigateToTourPage: phpTravels.Tour.NavigateToTourPage is PASSED

2018-10-28 22:44:55 - [MESSAGE][PASSED] - Object: 'Object Repository/tour/navigation/a_tour' is clicked on

2018-10-28 22:44:59 - [MESSAGE][PASSED] - Object: 'Object Repository/tour/navigation/a_Add' is clicked on

2018-10-28 22:44:59 - [MESSAGE][PASSED] - phpTravels.Tour.NavigateToTourPage is PASSED

2018-10-28 22:44:59 - [TEST_STEP][PASSED] - phpTravels.Tour.SetTourDetails: phpTravels.Tour.SetTourDetails is PASSED

2018-10-28 22:45:01 - [MESSAGE][PASSED] - All options with value 'Yes' are selected in object 'Object Repository/tour/fields/select_status'  using regular expression

2018-10-28 22:45:01 - [MESSAGE][PASSED] - Text 'Alappuzha Tour' is set on object 'Object Repository/tour/fields/input_name'

2018-10-28 22:45:02 - [MESSAGE][PASSED] - Object: 'Object Repository/tour/fields/iframe_body' is clicked on

2018-10-28 22:45:02 - [MESSAGE][PASSED] - Text 'Vacation Holiday Trip' is set on object 'Object Repository/tour/fields/iframe_body'

2018-10-28 22:45:02 - [MESSAGE][PASSED] - Text '2' is set on object 'Object Repository/tour/fields/input_adult_count'

2018-10-28 22:45:02 - [MESSAGE][PASSED] - Text '750' is set on object 'Object Repository/tour/fields/input_adult_price'

2018-10-28 22:45:03 - [MESSAGE][PASSED] - Object: 'Object Repository/tour/fields/span_enable_child' is clicked on

2018-10-28 22:45:03 - [MESSAGE][PASSED] - Text '1' is set on object 'Object Repository/tour/fields/input_child_count'

2018-10-28 22:45:03 - [MESSAGE][PASSED] - Text '100' is set on object 'Object Repository/tour/fields/input_child_price'

2018-10-28 22:45:04 - [MESSAGE][PASSED] - All options with value '3' are selected in object 'Object Repository/tour/fields/select_option'  using regular expression

2018-10-28 22:45:04 - [MESSAGE][PASSED] - Text '2' is set on object 'Object Repository/tour/fields/input_days'

2018-10-28 22:45:04 - [MESSAGE][PASSED] - Text '1' is set on object 'Object Repository/tour/fields/input_nights'

2018-10-28 22:45:05 - [MESSAGE][PASSED] - Object: 'Object Repository/tour/fields/select_type' is clicked on

2018-10-28 22:45:05 - [MESSAGE][PASSED] - Object: 'Object Repository/tour/fields/select_type_option' is clicked on

2018-10-28 22:45:06 - [MESSAGE][PASSED] - All options with value 'yes' are selected in object 'Object Repository/tour/fields/select_featured'  using regular expression

2018-10-28 22:45:06 - [MESSAGE][PASSED] - Object: 'Object Repository/tour/fields/autocomplete_location_selector' is clicked on

2018-10-28 22:45:07 - [MESSAGE][PASSED] - Text 'Thiruvananthapuram' is set on object 'Object Repository/tour/fields/autocomplete_location_control'

2018-10-28 22:45:09 - [MESSAGE][PASSED] - Object: 'Object Repository/tour/fields/autocomplete_location_trigger' is clicked on

2018-10-28 22:45:09 - [MESSAGE][PASSED] - phpTravels.Tour.SetTourDetails is PASSED

2018-10-28 22:45:09 - [TEST_STEP][PASSED] - phpTravels.Tour.SetTourInclusions: phpTravels.Tour.SetTourInclusions is PASSED

2018-10-28 22:45:09 - [MESSAGE][PASSED] - Object: 'Object Repository/tour/fields/a_inclusion' is clicked on

2018-10-28 22:45:09 - [MESSAGE][PASSED] - Wait for page load successfully

2018-10-28 22:45:09 - [MESSAGE][PASSED] - Object: 'Object Repository/tour/fields/checkbox_inclusion' is clicked on

2018-10-28 22:45:10 - [MESSAGE][PASSED] - Object: 'Object Repository/tour/fields/checkbox_inclusion' is clicked on

2018-10-28 22:45:10 - [MESSAGE][PASSED] - Object: 'Object Repository/tour/fields/checkbox_inclusion' is clicked on

2018-10-28 22:45:10 - [MESSAGE][PASSED] - Object: 'Object Repository/tour/fields/checkbox_inclusion' is clicked on

2018-10-28 22:45:10 - [MESSAGE][PASSED] - Object: 'Object Repository/tour/fields/checkbox_inclusion' is clicked on

2018-10-28 22:45:11 - [MESSAGE][PASSED] - Object: 'Object Repository/tour/fields/checkbox_inclusion' is clicked on

2018-10-28 22:45:11 - [MESSAGE][PASSED] - Object: 'Object Repository/tour/fields/checkbox_inclusion' is clicked on

2018-10-28 22:45:11 - [MESSAGE][PASSED] - Object: 'Object Repository/tour/fields/checkbox_inclusion' is clicked on

2018-10-28 22:45:11 - [MESSAGE][PASSED] - Object: 'Object Repository/tour/fields/checkbox_inclusion' is clicked on

2018-10-28 22:45:12 - [MESSAGE][PASSED] - Object: 'Object Repository/tour/fields/checkbox_inclusion' is clicked on

2018-10-28 22:45:12 - [MESSAGE][PASSED] - Object: 'Object Repository/tour/fields/checkbox_inclusion' is clicked on

2018-10-28 22:45:12 - [MESSAGE][PASSED] - Object: 'Object Repository/tour/fields/checkbox_inclusion' is clicked on

2018-10-28 22:45:12 - [MESSAGE][PASSED] - Object: 'Object Repository/tour/fields/checkbox_inclusion' is clicked on

2018-10-28 22:45:13 - [MESSAGE][PASSED] - Object: 'Object Repository/tour/fields/checkbox_inclusion' is clicked on

2018-10-28 22:45:13 - [MESSAGE][PASSED] - Object: 'Object Repository/tour/fields/checkbox_inclusion' is clicked on

2018-10-28 22:45:13 - [MESSAGE][PASSED] - Object: 'Object Repository/tour/fields/checkbox_inclusion' is clicked on

2018-10-28 22:45:13 - [MESSAGE][PASSED] - Object: 'Object Repository/tour/fields/checkbox_inclusion' is clicked on

2018-10-28 22:45:14 - [MESSAGE][PASSED] - Object: 'Object Repository/tour/fields/checkbox_inclusion' is clicked on

2018-10-28 22:45:14 - [MESSAGE][PASSED] - Object: 'Object Repository/tour/fields/checkbox_inclusion' is clicked on

2018-10-28 22:45:14 - [MESSAGE][PASSED] - Object: 'Object Repository/tour/fields/checkbox_inclusion' is clicked on

2018-10-28 22:45:15 - [MESSAGE][PASSED] - Object: 'Object Repository/tour/fields/checkbox_inclusion' is clicked on

2018-10-28 22:45:15 - [MESSAGE][PASSED] - Object: 'Object Repository/tour/fields/checkbox_inclusion' is clicked on

2018-10-28 22:45:15 - [MESSAGE][PASSED] - Object: 'Object Repository/tour/fields/checkbox_inclusion' is clicked on

2018-10-28 22:45:16 - [MESSAGE][PASSED] - Object: 'Object Repository/tour/fields/checkbox_inclusion' is clicked on

2018-10-28 22:45:16 - [MESSAGE][PASSED] - Object: 'Object Repository/tour/fields/checkbox_inclusion' is clicked on

2018-10-28 22:45:16 - [MESSAGE][PASSED] - Object: 'Object Repository/tour/fields/checkbox_inclusion' is clicked on

2018-10-28 22:45:16 - [MESSAGE][PASSED] - Object: 'Object Repository/tour/fields/checkbox_inclusion' is clicked on

2018-10-28 22:45:17 - [MESSAGE][PASSED] - Object: 'Object Repository/tour/fields/checkbox_inclusion' is clicked on

2018-10-28 22:45:17 - [MESSAGE][PASSED] - Object: 'Object Repository/tour/fields/checkbox_inclusion' is clicked on

2018-10-28 22:45:17 - [MESSAGE][PASSED] - Object: 'Object Repository/tour/fields/checkbox_inclusion' is clicked on

2018-10-28 22:45:17 - [MESSAGE][PASSED] - Object: 'Object Repository/tour/fields/checkbox_inclusion' is clicked on

2018-10-28 22:45:18 - [MESSAGE][PASSED] - Object: 'Object Repository/tour/fields/checkbox_inclusion' is clicked on

2018-10-28 22:45:18 - [MESSAGE][PASSED] - Object: 'Object Repository/tour/fields/checkbox_inclusion' is clicked on

2018-10-28 22:45:18 - [MESSAGE][PASSED] - Object: 'Object Repository/tour/fields/checkbox_inclusion' is clicked on

2018-10-28 22:45:18 - [MESSAGE][PASSED] - Object: 'Object Repository/tour/fields/checkbox_inclusion' is clicked on

2018-10-28 22:45:19 - [MESSAGE][PASSED] - Object: 'Object Repository/tour/fields/checkbox_inclusion' is clicked on

2018-10-28 22:45:19 - [MESSAGE][PASSED] - Object: 'Object Repository/tour/fields/checkbox_inclusion' is clicked on

2018-10-28 22:45:19 - [MESSAGE][PASSED] - phpTravels.Tour.SetTourInclusions is PASSED

2018-10-28 22:45:19 - [TEST_STEP][PASSED] - phpTravels.Tour.SetTourExclusions: phpTravels.Tour.SetTourExclusions is PASSED

2018-10-28 22:45:19 - [MESSAGE][PASSED] - Object: 'Object Repository/tour/fields/a_exclusion' is clicked on

2018-10-28 22:45:19 - [MESSAGE][PASSED] - Wait for page load successfully

2018-10-28 22:45:20 - [MESSAGE][PASSED] - Object: 'Object Repository/tour/fields/checkbox_exclusion' is clicked on

2018-10-28 22:45:20 - [MESSAGE][PASSED] - Object: 'Object Repository/tour/fields/checkbox_exclusion' is clicked on

2018-10-28 22:45:20 - [MESSAGE][PASSED] - Object: 'Object Repository/tour/fields/checkbox_exclusion' is clicked on

2018-10-28 22:45:20 - [MESSAGE][PASSED] - Object: 'Object Repository/tour/fields/checkbox_exclusion' is clicked on

2018-10-28 22:45:21 - [MESSAGE][PASSED] - Object: 'Object Repository/tour/fields/checkbox_exclusion' is clicked on

2018-10-28 22:45:21 - [MESSAGE][PASSED] - Object: 'Object Repository/tour/fields/checkbox_exclusion' is clicked on

2018-10-28 22:45:21 - [MESSAGE][PASSED] - Object: 'Object Repository/tour/fields/checkbox_exclusion' is clicked on

2018-10-28 22:45:21 - [MESSAGE][PASSED] - Object: 'Object Repository/tour/fields/checkbox_exclusion' is clicked on

2018-10-28 22:45:21 - [MESSAGE][PASSED] - phpTravels.Tour.SetTourExclusions is PASSED

2018-10-28 22:45:21 - [TEST_STEP][PASSED] - phpTravels.Tour.SaveTour: phpTravels.Tour.SaveTour is PASSED

2018-10-28 22:45:22 - [MESSAGE][PASSED] - Object: 'Object Repository/tour/fields/button_submit' is clicked on

2018-10-28 22:45:24 - [MESSAGE][PASSED] - Object 'Object Repository/tour/fields/table_list' is present

2018-10-28 22:45:24 - [MESSAGE][PASSED] - phpTravels.Tour.SaveTour is PASSED]]></system-out>
         <system-err><![CDATA[]]></system-err>
      </testcase>
      <testcase name="Test Cases/User/AddSupplier" classname="Test Cases/User/AddSupplier" status="FAILED">
         <failure type="FAILED" message="Unable to set text 'Alappuzha Tour' of object 'Object Repository/user/supplier/fields/input_select_tour' (Root cause: com.kms.katalon.core.webui.exception.WebElementNotFoundException: Web element with id: 'Object Repository/user/supplier/fields/input_select_tour' located by 'By.xpath: //INPUT[@id='s2id_autogen5']' not found)"/>
         <system-out><![CDATA[2018-10-28 22:45:24 - [TEST_CASE][FAILED] - Test Cases/User/AddSupplier: Test Cases/User/AddSupplier FAILED because (of) Unable to set text 'Alappuzha Tour' of object 'Object Repository/user/supplier/fields/input_select_tour' (Root cause: com.kms.katalon.core.webui.exception.WebElementNotFoundException: Web element with id: 'Object Repository/user/supplier/fields/input_select_tour' located by 'By.xpath: //INPUT[@id='s2id_autogen5']' not found)

2018-10-28 22:45:25 - [TEST_STEP][PASSED] - click: Object: 'Object Repository/user/supplier/navigation/a_account' is clicked on

2018-10-28 22:45:26 - [MESSAGE][PASSED] - Object: 'Object Repository/user/supplier/navigation/a_account' is clicked on

2018-10-28 22:45:26 - [TEST_STEP][PASSED] - click: Object: 'Object Repository/user/supplier/navigation/a_supplier' is clicked on

2018-10-28 22:45:28 - [MESSAGE][PASSED] - Object: 'Object Repository/user/supplier/navigation/a_supplier' is clicked on

2018-10-28 22:45:28 - [TEST_STEP][PASSED] - click: Object: 'Object Repository/user/supplier/actions/button_add' is clicked on

2018-10-28 22:45:30 - [MESSAGE][PASSED] - Object: 'Object Repository/user/supplier/actions/button_add' is clicked on

2018-10-28 22:45:30 - [TEST_STEP][PASSED] - waitForPageLoad: Wait for page load successfully

2018-10-28 22:45:30 - [MESSAGE][PASSED] - Wait for page load successfully

2018-10-28 22:45:30 - [TEST_STEP][PASSED] - setText: Text 'Renu' is set on object 'Object Repository/user/supplier/fields/input_first_name'

2018-10-28 22:45:31 - [MESSAGE][PASSED] - Text 'Renu' is set on object 'Object Repository/user/supplier/fields/input_first_name'

2018-10-28 22:45:31 - [TEST_STEP][PASSED] - setText: Text 'Rahul' is set on object 'Object Repository/user/supplier/fields/input_last_name'

2018-10-28 22:45:31 - [MESSAGE][PASSED] - Text 'Rahul' is set on object 'Object Repository/user/supplier/fields/input_last_name'

2018-10-28 22:45:31 - [TEST_STEP][PASSED] - setText: Text 'tr2@test.com' is set on object 'Object Repository/user/supplier/fields/input_email'

2018-10-28 22:45:31 - [MESSAGE][PASSED] - Text 'tr2@test.com' is set on object 'Object Repository/user/supplier/fields/input_email'

2018-10-28 22:45:31 - [TEST_STEP][PASSED] - setText: Text 'Inapp2.0' is set on object 'Object Repository/user/supplier/fields/input_password'

2018-10-28 22:45:31 - [MESSAGE][PASSED] - Text 'Inapp2.0' is set on object 'Object Repository/user/supplier/fields/input_password'

2018-10-28 22:45:31 - [TEST_STEP][PASSED] - setText: Text '8891767706' is set on object 'Object Repository/user/supplier/fields/input_mobile'

2018-10-28 22:45:31 - [MESSAGE][PASSED] - Text '8891767706' is set on object 'Object Repository/user/supplier/fields/input_mobile'

2018-10-28 22:45:31 - [TEST_STEP][PASSED] - click: Object: 'Object Repository/user/supplier/fields/div_country_initiate' is clicked on

2018-10-28 22:45:32 - [MESSAGE][PASSED] - Object: 'Object Repository/user/supplier/fields/div_country_initiate' is clicked on

2018-10-28 22:45:32 - [TEST_STEP][PASSED] - setText: Text 'India' is set on object 'Object Repository/user/supplier/fields/input_select_country'

2018-10-28 22:45:33 - [MESSAGE][PASSED] - Text 'India' is set on object 'Object Repository/user/supplier/fields/input_select_country'

2018-10-28 22:45:33 - [TEST_STEP][PASSED] - click: Object: 'Object Repository/user/supplier/fields/div_county_select' is clicked on

2018-10-28 22:45:34 - [MESSAGE][PASSED] - Object: 'Object Repository/user/supplier/fields/div_county_select' is clicked on

2018-10-28 22:45:34 - [TEST_STEP][PASSED] - setText: Text 'Thannikattethu' is set on object 'Object Repository/user/supplier/fields/input_address_line1'

2018-10-28 22:45:34 - [MESSAGE][PASSED] - Text 'Thannikattethu' is set on object 'Object Repository/user/supplier/fields/input_address_line1'

2018-10-28 22:45:34 - [TEST_STEP][PASSED] - setText: Text 'Kadapra Mannar' is set on object 'Object Repository/user/supplier/fields/input_address_line2'

2018-10-28 22:45:34 - [MESSAGE][PASSED] - Text 'Kadapra Mannar' is set on object 'Object Repository/user/supplier/fields/input_address_line2'

2018-10-28 22:45:34 - [TEST_STEP][PASSED] - selectOptionByValue: All options with value 'Tours' are selected in object 'Object Repository/user/supplier/fields/select_apply_for'  using regular expression

2018-10-28 22:45:34 - [MESSAGE][PASSED] - All options with value 'Tours' are selected in object 'Object Repository/user/supplier/fields/select_apply_for'  using regular expression

2018-10-28 22:45:34 - [TEST_STEP][PASSED] - setText: Text 'User' is set on object 'Object Repository/user/supplier/fields/input_item_name'

2018-10-28 22:45:34 - [MESSAGE][PASSED] - Text 'User' is set on object 'Object Repository/user/supplier/fields/input_item_name'

2018-10-28 22:45:34 - [TEST_STEP][PASSED] - click: Object: 'Object Repository/user/supplier/fields/ul_select_hotel' is clicked on

2018-10-28 22:45:35 - [MESSAGE][PASSED] - Object: 'Object Repository/user/supplier/fields/ul_select_hotel' is clicked on

2018-10-28 22:45:35 - [TEST_STEP][PASSED] - setText: Text 'Rendezvous Hotels' is set on object 'Object Repository/user/supplier/fields/input_select_hotel'

2018-10-28 22:45:35 - [MESSAGE][PASSED] - Text 'Rendezvous Hotels' is set on object 'Object Repository/user/supplier/fields/input_select_hotel'

2018-10-28 22:45:35 - [TEST_STEP][PASSED] - sendKeys: Keys 'TAB + ' sent to object: 'Object Repository/user/supplier/fields/html'

2018-10-28 22:45:35 - [MESSAGE][PASSED] - Keys 'TAB + ' sent to object: 'Object Repository/user/supplier/fields/html'

2018-10-28 22:45:35 - [TEST_STEP][PASSED] - click: Object: 'Object Repository/user/supplier/fields/html' is clicked on

2018-10-28 22:45:36 - [MESSAGE][PASSED] - Object: 'Object Repository/user/supplier/fields/html' is clicked on

2018-10-28 22:45:36 - [TEST_STEP][PASSED] - click: Object: 'Object Repository/user/supplier/fields/ul_select_tour' is clicked on

2018-10-28 22:45:36 - [MESSAGE][PASSED] - Object: 'Object Repository/user/supplier/fields/ul_select_tour' is clicked on

2018-10-28 22:45:36 - [TEST_STEP][FAILED] - setText: Unable to set text 'Alappuzha Tour' of object 'Object Repository/user/supplier/fields/input_select_tour' (Root cause: com.kms.katalon.core.webui.exception.WebElementNotFoundException: Web element with id: 'Object Repository/user/supplier/fields/input_select_tour' located by 'By.xpath: //INPUT[@id='s2id_autogen5']' not found)

2018-10-28 22:46:07 - [MESSAGE][FAILED] - Unable to set text 'Alappuzha Tour' of object 'Object Repository/user/supplier/fields/input_select_tour' (Root cause: com.kms.katalon.core.webui.exception.WebElementNotFoundException: Web element with id: 'Object Repository/user/supplier/fields/input_select_tour' located by 'By.xpath: //INPUT[@id='s2id_autogen5']' not found)
[[ATTACHMENT|D:\\Katalon_Works\\Katalon_Assignment_2\\Renu_Katalon_Assignment\\Reports\\ManageOperationForNewAdmin\\20181028_224406\\1540746967214.png]]]]></system-out>
         <system-err><![CDATA[2018-10-28 22:45:24 - [TEST_CASE][FAILED] - Test Cases/User/AddSupplier: Test Cases/User/AddSupplier FAILED because (of) Unable to set text 'Alappuzha Tour' of object 'Object Repository/user/supplier/fields/input_select_tour' (Root cause: com.kms.katalon.core.webui.exception.WebElementNotFoundException: Web element with id: 'Object Repository/user/supplier/fields/input_select_tour' located by 'By.xpath: //INPUT[@id='s2id_autogen5']' not found)]]></system-err>
      </testcase>
      <testcase name="Test Cases/Common/LogOutNewAdmin" classname="Test Cases/Common/LogOutNewAdmin" status="FAILED">
         <failure type="FAILED" message="Unable to click on object 'Object Repository/common/logout/button_Logout' (Root cause: org.openqa.selenium.ElementClickInterceptedException: Element &lt;a class=&quot;btn btn-danger btn-sm btn-block&quot; href=&quot;https://www.phptravels.net/admin/logout&quot;> is not clickable at point (162.5,59.5) because another element &lt;div id=&quot;select2-drop-mask&quot; class=&quot;select2-drop-mask&quot;> obscures it
Build info: version: '3.7.1', revision: '8a0099a', time: '2017-11-06T21:07:36.161Z'
System info: host: 'RENU-PC', ip: '192.168.1.75', os.name: 'Windows 7', os.arch: 'amd64', os.version: '6.1', java.version: '1.8.0_102'
Driver info: com.kms.katalon.core.webui.driver.firefox.CGeckoDriver
Capabilities {acceptInsecureCerts: true, browserName: firefox, browserVersion: 62.0.3, javascriptEnabled: true, moz:accessibilityChecks: false, moz:headless: false, moz:processID: 5584, moz:profile: C:\Users\Renu\AppData\Local..., moz:useNonSpecCompliantPointerOrigin: false, moz:webdriverClick: true, pageLoadStrategy: normal, platform: XP, platformName: XP, platformVersion: 6.1, proxy: Proxy(direct), rotatable: false, timeouts: {implicit: 0, pageLoad: 300000, script: 30000}}
Session ID: 753cdeb3-7e60-4071-893e-bad66ccb5e30)"/>
         <system-out><![CDATA[2018-10-28 22:46:07 - [TEST_CASE][FAILED] - Test Cases/Common/LogOutNewAdmin: Test Cases/Common/LogOutNewAdmin FAILED because (of) Unable to click on object 'Object Repository/common/logout/button_Logout' (Root cause: org.openqa.selenium.ElementClickInterceptedException: Element <a class="btn btn-danger btn-sm btn-block" href="https://www.phptravels.net/admin/logout"> is not clickable at point (162.5,59.5) because another element <div id="select2-drop-mask" class="select2-drop-mask"> obscures it
Build info: version: '3.7.1', revision: '8a0099a', time: '2017-11-06T21:07:36.161Z'
System info: host: 'RENU-PC', ip: '192.168.1.75', os.name: 'Windows 7', os.arch: 'amd64', os.version: '6.1', java.version: '1.8.0_102'
Driver info: com.kms.katalon.core.webui.driver.firefox.CGeckoDriver
Capabilities {acceptInsecureCerts: true, browserName: firefox, browserVersion: 62.0.3, javascriptEnabled: true, moz:accessibilityChecks: false, moz:headless: false, moz:processID: 5584, moz:profile: C:\Users\Renu\AppData\Local..., moz:useNonSpecCompliantPointerOrigin: false, moz:webdriverClick: true, pageLoadStrategy: normal, platform: XP, platformName: XP, platformVersion: 6.1, proxy: Proxy(direct), rotatable: false, timeouts: {implicit: 0, pageLoad: 300000, script: 30000}}
Session ID: 753cdeb3-7e60-4071-893e-bad66ccb5e30)

2018-10-28 22:46:07 - [TEST_STEP][FAILED] - click: Unable to click on object 'Object Repository/common/logout/button_Logout' (Root cause: org.openqa.selenium.ElementClickInterceptedException: Element <a class="btn btn-danger btn-sm btn-block" href="https://www.phptravels.net/admin/logout"> is not clickable at point (162.5,59.5) because another element <div id="select2-drop-mask" class="select2-drop-mask"> obscures it
Build info: version: '3.7.1', revision: '8a0099a', time: '2017-11-06T21:07:36.161Z'
System info: host: 'RENU-PC', ip: '192.168.1.75', os.name: 'Windows 7', os.arch: 'amd64', os.version: '6.1', java.version: '1.8.0_102'
Driver info: com.kms.katalon.core.webui.driver.firefox.CGeckoDriver
Capabilities {acceptInsecureCerts: true, browserName: firefox, browserVersion: 62.0.3, javascriptEnabled: true, moz:accessibilityChecks: false, moz:headless: false, moz:processID: 5584, moz:profile: C:\Users\Renu\AppData\Local..., moz:useNonSpecCompliantPointerOrigin: false, moz:webdriverClick: true, pageLoadStrategy: normal, platform: XP, platformName: XP, platformVersion: 6.1, proxy: Proxy(direct), rotatable: false, timeouts: {implicit: 0, pageLoad: 300000, script: 30000}}
Session ID: 753cdeb3-7e60-4071-893e-bad66ccb5e30)

2018-10-28 22:46:07 - [MESSAGE][FAILED] - Unable to click on object 'Object Repository/common/logout/button_Logout' (Root cause: org.openqa.selenium.ElementClickInterceptedException: Element <a class="btn btn-danger btn-sm btn-block" href="https://www.phptravels.net/admin/logout"> is not clickable at point (162.5,59.5) because another element <div id="select2-drop-mask" class="select2-drop-mask"> obscures it
Build info: version: '3.7.1', revision: '8a0099a', time: '2017-11-06T21:07:36.161Z'
System info: host: 'RENU-PC', ip: '192.168.1.75', os.name: 'Windows 7', os.arch: 'amd64', os.version: '6.1', java.version: '1.8.0_102'
Driver info: com.kms.katalon.core.webui.driver.firefox.CGeckoDriver
Capabilities {acceptInsecureCerts: true, browserName: firefox, browserVersion: 62.0.3, javascriptEnabled: true, moz:accessibilityChecks: false, moz:headless: false, moz:processID: 5584, moz:profile: C:\Users\Renu\AppData\Local..., moz:useNonSpecCompliantPointerOrigin: false, moz:webdriverClick: true, pageLoadStrategy: normal, platform: XP, platformName: XP, platformVersion: 6.1, proxy: Proxy(direct), rotatable: false, timeouts: {implicit: 0, pageLoad: 300000, script: 30000}}
Session ID: 753cdeb3-7e60-4071-893e-bad66ccb5e30)
[[ATTACHMENT|D:\\Katalon_Works\\Katalon_Assignment_2\\Renu_Katalon_Assignment\\Reports\\ManageOperationForNewAdmin\\20181028_224406\\1540746967744.png]]]]></system-out>
         <system-err><![CDATA[2018-10-28 22:46:07 - [TEST_CASE][FAILED] - Test Cases/Common/LogOutNewAdmin: Test Cases/Common/LogOutNewAdmin FAILED because (of) Unable to click on object 'Object Repository/common/logout/button_Logout' (Root cause: org.openqa.selenium.ElementClickInterceptedException: Element <a class="btn btn-danger btn-sm btn-block" href="https://www.phptravels.net/admin/logout"> is not clickable at point (162.5,59.5) because another element <div id="select2-drop-mask" class="select2-drop-mask"> obscures it
Build info: version: '3.7.1', revision: '8a0099a', time: '2017-11-06T21:07:36.161Z'
System info: host: 'RENU-PC', ip: '192.168.1.75', os.name: 'Windows 7', os.arch: 'amd64', os.version: '6.1', java.version: '1.8.0_102'
Driver info: com.kms.katalon.core.webui.driver.firefox.CGeckoDriver
Capabilities {acceptInsecureCerts: true, browserName: firefox, browserVersion: 62.0.3, javascriptEnabled: true, moz:accessibilityChecks: false, moz:headless: false, moz:processID: 5584, moz:profile: C:\Users\Renu\AppData\Local..., moz:useNonSpecCompliantPointerOrigin: false, moz:webdriverClick: true, pageLoadStrategy: normal, platform: XP, platformName: XP, platformVersion: 6.1, proxy: Proxy(direct), rotatable: false, timeouts: {implicit: 0, pageLoad: 300000, script: 30000}}
Session ID: 753cdeb3-7e60-4071-893e-bad66ccb5e30)]]></system-err>
      </testcase>
      <system-out><![CDATA[2018-10-28 22:44:09 - [TEST_SUITE][FAILED] - ManageOperationForNewAdmin: Test Cases/User/AddSupplier FAILED because (of) Unable to set text 'Alappuzha Tour' of object 'Object Repository/user/supplier/fields/input_select_tour' (Root cause: com.kms.katalon.core.webui.exception.WebElementNotFoundException: Web element with id: 'Object Repository/user/supplier/fields/input_select_tour' located by 'By.xpath: //INPUT[@id='s2id_autogen5']' not found)]]></system-out>
      <system-err><![CDATA[2018-10-28 22:44:09 - [TEST_SUITE][FAILED] - ManageOperationForNewAdmin: Test Cases/User/AddSupplier FAILED because (of) Unable to set text 'Alappuzha Tour' of object 'Object Repository/user/supplier/fields/input_select_tour' (Root cause: com.kms.katalon.core.webui.exception.WebElementNotFoundException: Web element with id: 'Object Repository/user/supplier/fields/input_select_tour' located by 'By.xpath: //INPUT[@id='s2id_autogen5']' not found)]]></system-err>
   </testsuite>
</testsuites>
