<?xml version="1.0" encoding="UTF-8"?>
<testsuites name="CreateTourForNewAdmin" time="40" tests="3" failures="1" errors="0">
   <testsuite name="CreateTourForNewAdmin" tests="3" failures="1" errors="0" time="40" timestamp="2018-10-27 23:10:19" hostname="Renu - Renu-PC" id="Test Suites/CreateTourForNewAdmin">
      <properties>
         <property name="deviceName" value=""/>
         <property name="devicePlatform" value=""/>
         <property name="logFolder" value="D:\\Katalon_Works\\Katalon_Assignment_2\\Renu_Katalon_Assignment\\Reports\\CreateTourForNewAdmin\\20181027_231016"/>
         <property name="logFiles" value="D:\\Katalon_Works\\Katalon_Assignment_2\\Renu_Katalon_Assignment\\Reports\\CreateTourForNewAdmin\\20181027_231016\\execution0.log"/>
         <property name="attachments" value="D:\\Katalon_Works\\Katalon_Assignment_2\\Renu_Katalon_Assignment\\Reports\\CreateTourForNewAdmin\\20181027_231016\\1540662057425.png"/>
         <property name="hostName" value="Renu - Renu-PC"/>
         <property name="os" value="Windows 7 64bit"/>
         <property name="katalonVersion" value="5.4.1.1"/>
         <property name="browser" value="Firefox 62.0"/>
         <property name="dbServerInfo" value="MySQL 5.6.20"/>
         <property name="hostAddress" value="192.168.1.75"/>
         <property name="sessionId" value="4a7a723a-6c7d-4bbf-800d-c00a0dcb9dc7"/>
         <property name="seleniumVersion" value="3.7.1"/>
         <property name="proxyInformation" value="ProxyInformation{proxyOption=NO_PROXY, proxyServerType=HTTP, password=, proxyServerAddress=, proxyServerPort=0}"/>
         <property name="platform" value="Windows 7"/>
      </properties>
      <testcase name="Test Cases/Common/NavigateToUrl" classname="Test Cases/Common/NavigateToUrl" status="PASSED">
         <system-out><![CDATA[2018-10-27 23:10:20 - [TEST_CASE][PASSED] - Test Cases/Common/NavigateToUrl: Test Cases/Common/NavigateToUrl

2018-10-27 23:10:21 - [TEST_STEP][PASSED] - openBrowser: Browser is opened with url: ''

2018-10-27 23:10:30 - [MESSAGE][PASSED] - Browser is opened with url: ''

2018-10-27 23:10:30 - [TEST_STEP][PASSED] - openBrowser: Browser is opened with url: ''

2018-10-27 23:10:30 - [MESSAGE][WARNING] - A browser is already opened. Closing browser and opening a new one

2018-10-27 23:10:37 - [MESSAGE][PASSED] - Browser is opened with url: ''

2018-10-27 23:10:37 - [TEST_STEP][PASSED] - navigateToUrl: Navigate to 'https://www.phptravels.net/admin' successfully

2018-10-27 23:10:40 - [MESSAGE][PASSED] - Navigate to 'https://www.phptravels.net/admin' successfully]]></system-out>
         <system-err><![CDATA[]]></system-err>
      </testcase>
      <testcase name="Test Cases/Common/LoginFromDatabase" classname="Test Cases/Common/LoginFromDatabase" status="PASSED">
         <system-out><![CDATA[2018-10-27 23:10:40 - [TEST_CASE][PASSED] - Test Cases/Common/LoginFromDatabase: Test Cases/Common/LoginFromDatabase

2018-10-27 23:10:40 - [TEST_STEP][PASSED] - Statement - dbdata = com.kms.katalon.core.testdata.TestDataFactory.findTestData(userDetail): Reading database data with query 'SELECT * FROM katalon_renu_16_10_2018.user'

2018-10-27 23:10:41 - [TEST_STEP][PASSED] - Statement - userName = dbdata.getValue(Email.ordinal(), userIndex): null

2018-10-27 23:10:41 - [TEST_STEP][PASSED] - Statement - password = dbdata.getValue(Password.ordinal(), userIndex): null

2018-10-27 23:10:41 - [TEST_STEP][PASSED] - phpTravels.Common.Login: phpTravels.Common.Login is PASSED

2018-10-27 23:10:42 - [MESSAGE][PASSED] - Text 'tr@test.com' is set on object 'Object Repository/common/login/input_email'

2018-10-27 23:10:42 - [MESSAGE][PASSED] - Text 'inapp2.0' is set on object 'Object Repository/common/login/input_password'

2018-10-27 23:10:42 - [MESSAGE][PASSED] - Object: 'Object Repository/common/login/button_Login' is clicked on

2018-10-27 23:10:42 - [MESSAGE][PASSED] - phpTravels.Common.Login is PASSED]]></system-out>
         <system-err><![CDATA[]]></system-err>
      </testcase>
      <testcase name="Test Cases/Tour/BookTour" classname="Test Cases/Tour/BookTour" status="FAILED">
         <failure type="FAILED" message="Unable to click on object 'Object Repository/tour/Page_Add Tour/span_Infants_Enable' (Root cause: org.openqa.selenium.ElementClickInterceptedException: Element &lt;span id=&quot;infantbtn&quot;> is not clickable at point (1202.4833984375,646.625) because another element &lt;iframe id=&quot;pHB8xiD-1540662051572&quot; class=&quot;&quot; src=&quot;about:blank&quot;> obscures it
Build info: version: '3.7.1', revision: '8a0099a', time: '2017-11-06T21:07:36.161Z'
System info: host: 'RENU-PC', ip: '192.168.1.75', os.name: 'Windows 7', os.arch: 'amd64', os.version: '6.1', java.version: '1.8.0_102'
Driver info: com.kms.katalon.core.webui.driver.firefox.CGeckoDriver
Capabilities {acceptInsecureCerts: true, browserName: firefox, browserVersion: 62.0.3, javascriptEnabled: true, moz:accessibilityChecks: false, moz:headless: false, moz:processID: 5724, moz:profile: C:\Users\Renu\AppData\Local..., moz:useNonSpecCompliantPointerOrigin: false, moz:webdriverClick: true, pageLoadStrategy: normal, platform: XP, platformName: XP, platformVersion: 6.1, proxy: Proxy(direct), rotatable: false, timeouts: {implicit: 0, pageLoad: 300000, script: 30000}}
Session ID: 4a7a723a-6c7d-4bbf-800d-c00a0dcb9dc7)"/>
         <system-out><![CDATA[2018-10-27 23:10:42 - [TEST_CASE][FAILED] - Test Cases/Tour/BookTour: Test Cases/Tour/BookTour FAILED because (of) Unable to click on object 'Object Repository/tour/Page_Add Tour/span_Infants_Enable' (Root cause: org.openqa.selenium.ElementClickInterceptedException: Element <span id="infantbtn"> is not clickable at point (1202.4833984375,646.625) because another element <iframe id="pHB8xiD-1540662051572" class="" src="about:blank"> obscures it
Build info: version: '3.7.1', revision: '8a0099a', time: '2017-11-06T21:07:36.161Z'
System info: host: 'RENU-PC', ip: '192.168.1.75', os.name: 'Windows 7', os.arch: 'amd64', os.version: '6.1', java.version: '1.8.0_102'
Driver info: com.kms.katalon.core.webui.driver.firefox.CGeckoDriver
Capabilities {acceptInsecureCerts: true, browserName: firefox, browserVersion: 62.0.3, javascriptEnabled: true, moz:accessibilityChecks: false, moz:headless: false, moz:processID: 5724, moz:profile: C:\Users\Renu\AppData\Local..., moz:useNonSpecCompliantPointerOrigin: false, moz:webdriverClick: true, pageLoadStrategy: normal, platform: XP, platformName: XP, platformVersion: 6.1, proxy: Proxy(direct), rotatable: false, timeouts: {implicit: 0, pageLoad: 300000, script: 30000}}
Session ID: 4a7a723a-6c7d-4bbf-800d-c00a0dcb9dc7)

2018-10-27 23:10:43 - [TEST_STEP][PASSED] - phpTravels.Tour.NavigateToTourPage: phpTravels.Tour.NavigateToTourPage is PASSED

2018-10-27 23:10:46 - [MESSAGE][PASSED] - Object: 'Object Repository/tour/Page_Tours Management/a_Tours' is clicked on

2018-10-27 23:10:55 - [MESSAGE][PASSED] - Object: 'Object Repository/tour/Page_Tours Management/a_Add New' is clicked on

2018-10-27 23:10:55 - [MESSAGE][PASSED] - phpTravels.Tour.NavigateToTourPage is PASSED

2018-10-27 23:10:55 - [TEST_STEP][FAILED] - phpTravels.Tour.SetTourDetails: Unable to click on object 'Object Repository/tour/Page_Add Tour/span_Infants_Enable' (Root cause: org.openqa.selenium.ElementClickInterceptedException: Element <span id="infantbtn"> is not clickable at point (1202.4833984375,646.625) because another element <iframe id="pHB8xiD-1540662051572" class="" src="about:blank"> obscures it
Build info: version: '3.7.1', revision: '8a0099a', time: '2017-11-06T21:07:36.161Z'
System info: host: 'RENU-PC', ip: '192.168.1.75', os.name: 'Windows 7', os.arch: 'amd64', os.version: '6.1', java.version: '1.8.0_102'
Driver info: com.kms.katalon.core.webui.driver.firefox.CGeckoDriver
Capabilities {acceptInsecureCerts: true, browserName: firefox, browserVersion: 62.0.3, javascriptEnabled: true, moz:accessibilityChecks: false, moz:headless: false, moz:processID: 5724, moz:profile: C:\Users\Renu\AppData\Local..., moz:useNonSpecCompliantPointerOrigin: false, moz:webdriverClick: true, pageLoadStrategy: normal, platform: XP, platformName: XP, platformVersion: 6.1, proxy: Proxy(direct), rotatable: false, timeouts: {implicit: 0, pageLoad: 300000, script: 30000}}
Session ID: 4a7a723a-6c7d-4bbf-800d-c00a0dcb9dc7)

2018-10-27 23:10:55 - [MESSAGE][PASSED] - All options with value 'Yes' are selected in object 'Object Repository/tour/Page_Add Tour/select_TourStatus'  using regular expression

2018-10-27 23:10:56 - [MESSAGE][PASSED] - Text 'Alappuzha Tour' is set on object 'Object Repository/tour/Page_Add Tour/input_tourname'

2018-10-27 23:10:56 - [MESSAGE][PASSED] - Object: 'Object Repository/tour/Page_Add Tour/iframeBody' is clicked on

2018-10-27 23:10:56 - [MESSAGE][PASSED] - Text 'Vacation Holiday Trip' is set on object 'Object Repository/tour/Page_Add Tour/iframeBody'

2018-10-27 23:10:57 - [MESSAGE][PASSED] - Text '2' is set on object 'Object Repository/tour/Page_Add Tour/input_maxadult'

2018-10-27 23:10:57 - [MESSAGE][PASSED] - Text '750' is set on object 'Object Repository/tour/Page_Add Tour/input_adultprice'

2018-10-27 23:10:57 - [MESSAGE][FAILED] - Unable to click on object 'Object Repository/tour/Page_Add Tour/span_Infants_Enable' (Root cause: org.openqa.selenium.ElementClickInterceptedException: Element <span id="infantbtn"> is not clickable at point (1202.4833984375,646.625) because another element <iframe id="pHB8xiD-1540662051572" class="" src="about:blank"> obscures it
Build info: version: '3.7.1', revision: '8a0099a', time: '2017-11-06T21:07:36.161Z'
System info: host: 'RENU-PC', ip: '192.168.1.75', os.name: 'Windows 7', os.arch: 'amd64', os.version: '6.1', java.version: '1.8.0_102'
Driver info: com.kms.katalon.core.webui.driver.firefox.CGeckoDriver
Capabilities {acceptInsecureCerts: true, browserName: firefox, browserVersion: 62.0.3, javascriptEnabled: true, moz:accessibilityChecks: false, moz:headless: false, moz:processID: 5724, moz:profile: C:\Users\Renu\AppData\Local..., moz:useNonSpecCompliantPointerOrigin: false, moz:webdriverClick: true, pageLoadStrategy: normal, platform: XP, platformName: XP, platformVersion: 6.1, proxy: Proxy(direct), rotatable: false, timeouts: {implicit: 0, pageLoad: 300000, script: 30000}}
Session ID: 4a7a723a-6c7d-4bbf-800d-c00a0dcb9dc7)
[[ATTACHMENT|D:\\Katalon_Works\\Katalon_Assignment_2\\Renu_Katalon_Assignment\\Reports\\CreateTourForNewAdmin\\20181027_231016\\1540662057425.png]]

2018-10-27 23:10:57 - [MESSAGE][FAILED] - Unable to click on object 'Object Repository/tour/Page_Add Tour/span_Infants_Enable' (Root cause: org.openqa.selenium.ElementClickInterceptedException: Element <span id="infantbtn"> is not clickable at point (1202.4833984375,646.625) because another element <iframe id="pHB8xiD-1540662051572" class="" src="about:blank"> obscures it
Build info: version: '3.7.1', revision: '8a0099a', time: '2017-11-06T21:07:36.161Z'
System info: host: 'RENU-PC', ip: '192.168.1.75', os.name: 'Windows 7', os.arch: 'amd64', os.version: '6.1', java.version: '1.8.0_102'
Driver info: com.kms.katalon.core.webui.driver.firefox.CGeckoDriver
Capabilities {acceptInsecureCerts: true, browserName: firefox, browserVersion: 62.0.3, javascriptEnabled: true, moz:accessibilityChecks: false, moz:headless: false, moz:processID: 5724, moz:profile: C:\Users\Renu\AppData\Local..., moz:useNonSpecCompliantPointerOrigin: false, moz:webdriverClick: true, pageLoadStrategy: normal, platform: XP, platformName: XP, platformVersion: 6.1, proxy: Proxy(direct), rotatable: false, timeouts: {implicit: 0, pageLoad: 300000, script: 30000}}
Session ID: 4a7a723a-6c7d-4bbf-800d-c00a0dcb9dc7)]]></system-out>
         <system-err><![CDATA[2018-10-27 23:10:42 - [TEST_CASE][FAILED] - Test Cases/Tour/BookTour: Test Cases/Tour/BookTour FAILED because (of) Unable to click on object 'Object Repository/tour/Page_Add Tour/span_Infants_Enable' (Root cause: org.openqa.selenium.ElementClickInterceptedException: Element <span id="infantbtn"> is not clickable at point (1202.4833984375,646.625) because another element <iframe id="pHB8xiD-1540662051572" class="" src="about:blank"> obscures it
Build info: version: '3.7.1', revision: '8a0099a', time: '2017-11-06T21:07:36.161Z'
System info: host: 'RENU-PC', ip: '192.168.1.75', os.name: 'Windows 7', os.arch: 'amd64', os.version: '6.1', java.version: '1.8.0_102'
Driver info: com.kms.katalon.core.webui.driver.firefox.CGeckoDriver
Capabilities {acceptInsecureCerts: true, browserName: firefox, browserVersion: 62.0.3, javascriptEnabled: true, moz:accessibilityChecks: false, moz:headless: false, moz:processID: 5724, moz:profile: C:\Users\Renu\AppData\Local..., moz:useNonSpecCompliantPointerOrigin: false, moz:webdriverClick: true, pageLoadStrategy: normal, platform: XP, platformName: XP, platformVersion: 6.1, proxy: Proxy(direct), rotatable: false, timeouts: {implicit: 0, pageLoad: 300000, script: 30000}}
Session ID: 4a7a723a-6c7d-4bbf-800d-c00a0dcb9dc7)]]></system-err>
      </testcase>
      <testcase name="Test Cases/Common/LogOut" classname="Test Cases/Common/LogOut" status="PASSED">
         <system-out><![CDATA[2018-10-27 23:10:57 - [TEST_CASE][PASSED] - Test Cases/Common/LogOut: Test Cases/Common/LogOut

2018-10-27 23:10:57 - [TEST_STEP][PASSED] - click: Object: 'Object Repository/common/logout/button_Logout' is clicked on

2018-10-27 23:11:00 - [MESSAGE][PASSED] - Object: 'Object Repository/common/logout/button_Logout' is clicked on]]></system-out>
         <system-err><![CDATA[]]></system-err>
      </testcase>
      <system-out><![CDATA[2018-10-27 23:10:19 - [TEST_SUITE][FAILED] - CreateTourForNewAdmin: Test Cases/Tour/BookTour FAILED because (of) Unable to click on object 'Object Repository/tour/Page_Add Tour/span_Infants_Enable' (Root cause: org.openqa.selenium.ElementClickInterceptedException: Element <span id="infantbtn"> is not clickable at point (1202.4833984375,646.625) because another element <iframe id="pHB8xiD-1540662051572" class="" src="about:blank"> obscures it
Build info: version: '3.7.1', revision: '8a0099a', time: '2017-11-06T21:07:36.161Z'
System info: host: 'RENU-PC', ip: '192.168.1.75', os.name: 'Windows 7', os.arch: 'amd64', os.version: '6.1', java.version: '1.8.0_102'
Driver info: com.kms.katalon.core.webui.driver.firefox.CGeckoDriver
Capabilities {acceptInsecureCerts: true, browserName: firefox, browserVersion: 62.0.3, javascriptEnabled: true, moz:accessibilityChecks: false, moz:headless: false, moz:processID: 5724, moz:profile: C:\Users\Renu\AppData\Local..., moz:useNonSpecCompliantPointerOrigin: false, moz:webdriverClick: true, pageLoadStrategy: normal, platform: XP, platformName: XP, platformVersion: 6.1, proxy: Proxy(direct), rotatable: false, timeouts: {implicit: 0, pageLoad: 300000, script: 30000}}
Session ID: 4a7a723a-6c7d-4bbf-800d-c00a0dcb9dc7)]]></system-out>
      <system-err><![CDATA[2018-10-27 23:10:19 - [TEST_SUITE][FAILED] - CreateTourForNewAdmin: Test Cases/Tour/BookTour FAILED because (of) Unable to click on object 'Object Repository/tour/Page_Add Tour/span_Infants_Enable' (Root cause: org.openqa.selenium.ElementClickInterceptedException: Element <span id="infantbtn"> is not clickable at point (1202.4833984375,646.625) because another element <iframe id="pHB8xiD-1540662051572" class="" src="about:blank"> obscures it
Build info: version: '3.7.1', revision: '8a0099a', time: '2017-11-06T21:07:36.161Z'
System info: host: 'RENU-PC', ip: '192.168.1.75', os.name: 'Windows 7', os.arch: 'amd64', os.version: '6.1', java.version: '1.8.0_102'
Driver info: com.kms.katalon.core.webui.driver.firefox.CGeckoDriver
Capabilities {acceptInsecureCerts: true, browserName: firefox, browserVersion: 62.0.3, javascriptEnabled: true, moz:accessibilityChecks: false, moz:headless: false, moz:processID: 5724, moz:profile: C:\Users\Renu\AppData\Local..., moz:useNonSpecCompliantPointerOrigin: false, moz:webdriverClick: true, pageLoadStrategy: normal, platform: XP, platformName: XP, platformVersion: 6.1, proxy: Proxy(direct), rotatable: false, timeouts: {implicit: 0, pageLoad: 300000, script: 30000}}
Session ID: 4a7a723a-6c7d-4bbf-800d-c00a0dcb9dc7)]]></system-err>
   </testsuite>
</testsuites>
